#
# A fatal error has been detected by the Java Runtime Environment:
#
#  SIGSEGV (0xb) at pc=0x00007f3ecfaf7e61, pid=5519, tid=139907651368704
#
# JRE version: 6.0_26-b03
# Java VM: Java HotSpot(TM) 64-Bit Server VM (20.1-b02 mixed mode linux-amd64 compressed oops)
# Problematic frame:
# V  [libjvm.so+0x673e61]  PhaseIdealLoop::build_loop_late_post(Node*)+0x121
#
# If you would like to submit a bug report, please visit:
#   http://java.sun.com/webapps/bugreport/crash.jsp
#

---------------  T H R E A D  ---------------

Current thread (0x0000000041ec3800):  JavaThread "C2 CompilerThread1" daemon [_thread_in_native, id=5532, stack(0x00007f3ec9cc7000,0x00007f3ec9dc8000)]

siginfo:si_signo=SIGSEGV: si_errno=0, si_code=1 (SEGV_MAPERR), si_addr=0x0000000000000008

Registers:
RAX=0x00007f3ec4da6a50, RBX=0x00007f3ec9dc17e0, RCX=0x0000000000000000, RDX=0x000000004342efb0
RSP=0x00007f3ec9dc13d0, RBP=0x00007f3ec9dc1410, RSI=0x00000000433decc0, RDI=0x0000000000000000
R8 =0x000000004342efb0, R9 =0x0000000000000000, R10=0x00000000000004d8, R11=0x00000000000004d8
R12=0x00000000432ad370, R13=0x00007f3ec4f4c238, R14=0x00000000433decc0, R15=0x00007f3ec9dc17c0
RIP=0x00007f3ecfaf7e61, EFLAGS=0x0000000000010202, CSGSFS=0x0000000000000033, ERR=0x0000000000000004
  TRAPNO=0x000000000000000e

Top of Stack: (sp=0x00007f3ec9dc13d0)
0x00007f3ec9dc13d0:   00007f3ecfeeaa30 00000000432ad371
0x00007f3ec9dc13e0:   00007f3ec4a6dcf8 00007f3ec4a6dcf8
0x00007f3ec9dc13f0:   00007f3ec9dc16a0 0000000000000793
0x00007f3ec9dc1400:   00007f3ec4d4ee70 0000000000000001
0x00007f3ec9dc1410:   00007f3ec9dc1470 00007f3ecfaf7b22
0x00007f3ec9dc1420:   00000000432ad328 0000000100000020
0x00007f3ec9dc1430:   00007f3ec9dc1680 00007f3ec9dc16c0
0x00007f3ec9dc1440:   00007f3ec9dc17c0 0000000000000001
0x00007f3ec9dc1450:   00000000421de700 00007f3ec9dc17c0
0x00007f3ec9dc1460:   00007f3ec9dc1680 00007f3ec9dc6240
0x00007f3ec9dc1470:   00007f3ec9dc1710 00007f3ecfaf4cd6
0x00007f3ec9dc1480:   00007f3ec9dc14d0 00007f3ec9dc16a0
0x00007f3ec9dc1490:   00007f3e00006cb8 00007f3ec4ac0020
0x00007f3ec9dc14a0:   00007f3ec9dc16c0 01007f3e00000002
0x00007f3ec9dc14b0:   00007f3ec4ac0020 00007f3ecff24ac0
0x00007f3ec9dc14c0:   0000000041fe1e20 0000000000000004
0x00007f3ec9dc14d0:   00007f3ec9dc1500 00007f3ed016c1f5
0x00007f3ec9dc14e0:   0000000000040020 00007f3ed041e1c0
0x00007f3ec9dc14f0:   000000004339ec80 00007f3ed010dba9
0x00007f3ec9dc1500:   00007f3ec9dc1560 00007f3ed0109305
0x00007f3ec9dc1510:   00007f3e00000014 0000000000000000
0x00007f3ec9dc1520:   00007f3ec9dc6778 0000001400000000
0x00007f3ec9dc1530:   0000000000000000 0000000000000000
0x00007f3ec9dc1540:   0000000000000001 00000000421febb8
0x00007f3ec9dc1550:   0000000000040000 0000000000040040
0x00007f3ec9dc1560:   0000000000020380 0000000000000fff
0x00007f3ec9dc1570:   00000000433bf000 fffffffffffff000
0x00007f3ec9dc1580:   0100000000000000 000000004339ec80
0x00007f3ec9dc1590:   00007f3ec9dc15b0 00007f3ecf6a6624
0x00007f3ec9dc15a0:   00007f3ec9dc4ad0 00007f3ec4a6ddd0
0x00007f3ec9dc15b0:   00007f3ec9dc15c0 00007f3ed041e1c0
0x00007f3ec9dc15c0:   00007f3ec9dc1650 0000000000040010 

Instructions: (pc=0x00007f3ecfaf7e61)
0x00007f3ecfaf7e41:   0f 84 ba 00 00 00 44 8b 40 28 66 66 90 66 90 49
0x00007f3ecfaf7e51:   8b 97 e0 09 00 00 44 89 c7 48 8b 0c fa 49 89 d0
0x00007f3ecfaf7e61:   4c 8b 49 08 49 83 39 00 75 2b 8b 73 08 66 90 8b
0x00007f3ecfaf7e71:   41 28 39 f0 0f 83 b6 02 00 00 4c 8b 73 10 89 c1 

Register to memory mapping:

RAX=0x00007f3ec4da6a50 is an unknown value
RBX=0x00007f3ec9dc17e0 is pointing into the stack for thread: 0x0000000041ec3800
RCX=0x0000000000000000 is an unknown value
RDX=0x000000004342efb0 is an unknown value
RSP=0x00007f3ec9dc13d0 is pointing into the stack for thread: 0x0000000041ec3800
RBP=0x00007f3ec9dc1410 is pointing into the stack for thread: 0x0000000041ec3800
RSI=0x00000000433decc0 is an unknown value
RDI=0x0000000000000000 is an unknown value
R8 =0x000000004342efb0 is an unknown value
R9 =0x0000000000000000 is an unknown value
R10=0x00000000000004d8 is an unknown value
R11=0x00000000000004d8 is an unknown value
R12=0x00000000432ad370 is an unknown value
R13=0x00007f3ec4f4c238 is an unknown value
R14=0x00000000433decc0 is an unknown value
R15=0x00007f3ec9dc17c0 is pointing into the stack for thread: 0x0000000041ec3800


Stack: [0x00007f3ec9cc7000,0x00007f3ec9dc8000],  sp=0x00007f3ec9dc13d0,  free space=1000k
Native frames: (J=compiled Java code, j=interpreted, Vv=VM code, C=native code)
V  [libjvm.so+0x673e61]  PhaseIdealLoop::build_loop_late_post(Node*)+0x121
V  [libjvm.so+0x673b22]  PhaseIdealLoop::build_loop_late(VectorSet&, Node_List&, Node_Stack&)+0xa2
V  [libjvm.so+0x670cd6]  PhaseIdealLoop::build_and_optimize(bool, bool)+0x676
V  [libjvm.so+0x3a194a]  Compile::Optimize()+0xbea
V  [libjvm.so+0x39de04]  Compile::Compile(ciEnv*, C2Compiler*, ciMethod*, int, bool, bool)+0x8a4
V  [libjvm.so+0x320d2e]  C2Compiler::compile_method(ciEnv*, ciMethod*, int)+0x9e
V  [libjvm.so+0x3a862a]  CompileBroker::invoke_compiler_on_method(CompileTask*)+0x2ca
V  [libjvm.so+0x3a7f15]  CompileBroker::compiler_thread_loop()+0x355
V  [libjvm.so+0x81fbe9]  compiler_thread_entry(JavaThread*, Thread*)+0x9
V  [libjvm.so+0x8190f1]  JavaThread::run()+0x121
V  [libjvm.so+0x710adf]  java_start(Thread*)+0x13f


Current CompileTask:
C2: 133708 126      util.gdl.model.SentenceModelImpl.getVarDomains(Lutil/gdl/grammar/GdlRule;Lutil/gdl/transforms/ConstantFinder$ConstantChecker;)Ljava/util/Map; (394 bytes)


---------------  P R O C E S S  ---------------

Java Threads: ( => current thread )
  0x00007f3ec4505000 JavaThread "Thread-1" [_thread_in_Java, id=5543, stack(0x00007f3eba458000,0x00007f3eba559000)]
  0x00007f3ec4d13800 JavaThread "TimerQueue" daemon [_thread_blocked, id=5542, stack(0x00007f3eba964000,0x00007f3ebaa65000)]
  0x00007f3ec4935000 JavaThread "DestroyJavaVM" [_thread_blocked, id=5520, stack(0x00007f3ecf0fe000,0x00007f3ecf1ff000)]
  0x00007f3ec49e5000 JavaThread "AWT-EventQueue-0" [_thread_blocked, id=5541, stack(0x00007f3ebada0000,0x00007f3ebaea1000)]
  0x00007f3ec49e3800 JavaThread "AWT-Shutdown" [_thread_blocked, id=5540, stack(0x00007f3ebaea1000,0x00007f3ebafa2000)]
  0x000000004205a800 JavaThread "AWT-XAWT" daemon [_thread_in_native, id=5537, stack(0x00007f3ec3cf9000,0x00007f3ec3dfa000)]
  0x0000000041f49000 JavaThread "Java2D Disposer" daemon [_thread_blocked, id=5535, stack(0x00007f3ec855b000,0x00007f3ec865c000)]
  0x0000000041ec5800 JavaThread "Low Memory Detector" daemon [_thread_blocked, id=5533, stack(0x00007f3ec9bc6000,0x00007f3ec9cc7000)]
=>0x0000000041ec3800 JavaThread "C2 CompilerThread1" daemon [_thread_in_native, id=5532, stack(0x00007f3ec9cc7000,0x00007f3ec9dc8000)]
  0x0000000041ec0800 JavaThread "C2 CompilerThread0" daemon [_thread_in_native, id=5531, stack(0x00007f3ec9dc8000,0x00007f3ec9ec9000)]
  0x0000000041ebe800 JavaThread "Signal Dispatcher" daemon [_thread_blocked, id=5530, stack(0x00007f3ec9ec9000,0x00007f3ec9fca000)]
  0x0000000041e9c800 JavaThread "Finalizer" daemon [_thread_blocked, id=5529, stack(0x00007f3eca26e000,0x00007f3eca36f000)]
  0x0000000041e9a800 JavaThread "Reference Handler" daemon [_thread_blocked, id=5528, stack(0x00007f3eca36f000,0x00007f3eca470000)]

Other Threads:
  0x0000000041e93800 VMThread [stack: 0x00007f3eca470000,0x00007f3eca571000] [id=5527]
  0x0000000041ed0800 WatcherThread [stack: 0x00007f3ec9ac5000,0x00007f3ec9bc6000] [id=5534]

VM state:not at safepoint (normal execution)

VM Mutex/Monitor currently owned by a thread: None

Heap
 PSYoungGen      total 18496K, used 11817K [0x00000007d5560000, 0x00000007d6a00000, 0x0000000800000000)
  eden space 15872K, 57% used [0x00000007d5560000,0x00000007d5e5c358,0x00000007d64e0000)
  from space 2624K, 99% used [0x00000007d64e0000,0x00000007d676e490,0x00000007d6770000)
  to   space 2624K, 0% used [0x00000007d6770000,0x00000007d6770000,0x00000007d6a00000)
 PSOldGen        total 42304K, used 10329K [0x0000000780000000, 0x0000000782950000, 0x00000007d5560000)
  object space 42304K, 24% used [0x0000000780000000,0x0000000780a167d8,0x0000000782950000)
 PSPermGen       total 21632K, used 21443K [0x000000077ae00000, 0x000000077c320000, 0x0000000780000000)
  object space 21632K, 99% used [0x000000077ae00000,0x000000077c2f0ce8,0x000000077c320000)

Code Cache  [0x00007f3ecb368000, 0x00007f3ecb5d8000, 0x00007f3ece368000)
 total_blobs=608 nmethods=152 adapters=410 free_code_cache=49479744 largest_free_block=10112

Dynamic libraries:
40000000-40009000 r-xp 00000000 08:11 3412906                            /usr/lib/jvm/java-6-sun-1.6.0.26/jre/bin/java
40108000-4010a000 rwxp 00008000 08:11 3412906                            /usr/lib/jvm/java-6-sun-1.6.0.26/jre/bin/java
41e31000-436f6000 rwxp 00000000 00:00 0                                  [heap]
77ae00000-77c320000 rwxp 00000000 00:00 0 
77c320000-780000000 rwxp 00000000 00:00 0 
780000000-782950000 rwxp 00000000 00:00 0 
782950000-7d5560000 rwxp 00000000 00:00 0 
7d5560000-7d6a00000 rwxp 00000000 00:00 0 
7d6a00000-800000000 rwxp 00000000 00:00 0 
7f3eba458000-7f3eba45b000 ---p 00000000 00:00 0 
7f3eba45b000-7f3eba559000 rwxp 00000000 00:00 0 
7f3eba559000-7f3eba560000 r-xp 00000000 08:11 8650783                    /lib/x86_64-linux-gnu/libnss_dns-2.13.so
7f3eba560000-7f3eba75f000 ---p 00007000 08:11 8650783                    /lib/x86_64-linux-gnu/libnss_dns-2.13.so
7f3eba75f000-7f3eba760000 r-xp 00006000 08:11 8650783                    /lib/x86_64-linux-gnu/libnss_dns-2.13.so
7f3eba760000-7f3eba761000 rwxp 00007000 08:11 8650783                    /lib/x86_64-linux-gnu/libnss_dns-2.13.so
7f3eba761000-7f3eba763000 r-xp 00000000 08:11 8654730                    /lib/libnss_mdns4_minimal.so.2
7f3eba763000-7f3eba962000 ---p 00002000 08:11 8654730                    /lib/libnss_mdns4_minimal.so.2
7f3eba962000-7f3eba963000 r-xp 00001000 08:11 8654730                    /lib/libnss_mdns4_minimal.so.2
7f3eba963000-7f3eba964000 rwxp 00002000 08:11 8654730                    /lib/libnss_mdns4_minimal.so.2
7f3eba964000-7f3eba967000 ---p 00000000 00:00 0 
7f3eba967000-7f3ebaa65000 rwxp 00000000 00:00 0 
7f3ebaa65000-7f3ebad40000 rwxs 00000000 00:04 6225933                    /SYSV00000000 (deleted)
7f3ebad40000-7f3ebada0000 rwxs 00000000 00:04 6193164                    /SYSV00000000 (deleted)
7f3ebada0000-7f3ebada3000 ---p 00000000 00:00 0 
7f3ebada3000-7f3ebaea1000 rwxp 00000000 00:00 0 
7f3ebaea1000-7f3ebaea4000 ---p 00000000 00:00 0 
7f3ebaea4000-7f3ebafa2000 rwxp 00000000 00:00 0 
7f3ebafa2000-7f3ebafa3000 ---p 00000000 00:00 0 
7f3ebafa3000-7f3ebb7a3000 rwxp 00000000 00:00 0 
7f3ebb7a3000-7f3ebb7a4000 ---p 00000000 00:00 0 
7f3ebb7a4000-7f3ebbfa4000 rwxp 00000000 00:00 0 
7f3ebbfa4000-7f3ebbfbb000 r-xp 00000000 08:11 2632276                    /usr/lib/libdbusmenu-glib.so.3.0.14
7f3ebbfbb000-7f3ebc1bb000 ---p 00017000 08:11 2632276                    /usr/lib/libdbusmenu-glib.so.3.0.14
7f3ebc1bb000-7f3ebc1bc000 r-xp 00017000 08:11 2632276                    /usr/lib/libdbusmenu-glib.so.3.0.14
7f3ebc1bc000-7f3ebc1bd000 rwxp 00018000 08:11 2632276                    /usr/lib/libdbusmenu-glib.so.3.0.14
7f3ebc1bd000-7f3ebc1ce000 r-xp 00000000 08:11 2634837                    /usr/lib/libdbusmenu-gtk.so.3.0.14
7f3ebc1ce000-7f3ebc3cd000 ---p 00011000 08:11 2634837                    /usr/lib/libdbusmenu-gtk.so.3.0.14
7f3ebc3cd000-7f3ebc3ce000 r-xp 00010000 08:11 2634837                    /usr/lib/libdbusmenu-gtk.so.3.0.14
7f3ebc3ce000-7f3ebc3cf000 rwxp 00011000 08:11 2634837                    /usr/lib/libdbusmenu-gtk.so.3.0.14
7f3ebc3cf000-7f3ebc3d4000 r-xp 00000000 08:11 4071525                    /usr/lib/gtk-2.0/2.10.0/menuproxies/libappmenu.so
7f3ebc3d4000-7f3ebc5d3000 ---p 00005000 08:11 4071525                    /usr/lib/gtk-2.0/2.10.0/menuproxies/libappmenu.so
7f3ebc5d3000-7f3ebc5d4000 r-xp 00004000 08:11 4071525                    /usr/lib/gtk-2.0/2.10.0/menuproxies/libappmenu.so
7f3ebc5d4000-7f3ebc5d5000 rwxp 00005000 08:11 4071525                    /usr/lib/gtk-2.0/2.10.0/menuproxies/libappmenu.so
7f3ebc5d5000-7f3ebc5d7000 r-xp 00000000 08:11 8650794                    /lib/x86_64-linux-gnu/libutil-2.13.so
7f3ebc5d7000-7f3ebc7d6000 ---p 00002000 08:11 8650794                    /lib/x86_64-linux-gnu/libutil-2.13.so
7f3ebc7d6000-7f3ebc7d7000 r-xp 00001000 08:11 8650794                    /lib/x86_64-linux-gnu/libutil-2.13.so
7f3ebc7d7000-7f3ebc7d8000 rwxp 00002000 08:11 8650794                    /lib/x86_64-linux-gnu/libutil-2.13.so
7f3ebc7d8000-7f3ebc7e5000 r-xp 00000000 08:11 8650867                    /lib/x86_64-linux-gnu/libudev.so.0.11.1
7f3ebc7e5000-7f3ebc9e4000 ---p 0000d000 08:11 8650867                    /lib/x86_64-linux-gnu/libudev.so.0.11.1
7f3ebc9e4000-7f3ebc9e5000 r-xp 0000c000 08:11 8650867                    /lib/x86_64-linux-gnu/libudev.so.0.11.1
7f3ebc9e5000-7f3ebc9e6000 rwxp 0000d000 08:11 8650867                    /lib/x86_64-linux-gnu/libudev.so.0.11.1
7f3ebc9e6000-7f3ebc9fd000 r-xp 00000000 08:11 2635393                    /usr/lib/libgvfscommon.so.0.0.0
7f3ebc9fd000-7f3ebcbfc000 ---p 00017000 08:11 2635393                    /usr/lib/libgvfscommon.so.0.0.0
7f3ebcbfc000-7f3ebcbfd000 r-xp 00016000 08:11 2635393                    /usr/lib/libgvfscommon.so.0.0.0
7f3ebcbfd000-7f3ebcbfe000 rwxp 00017000 08:11 2635393                    /usr/lib/libgvfscommon.so.0.0.0
7f3ebcbfe000-7f3ebcc27000 r-xp 00000000 08:11 2758337                    /usr/lib/gio/modules/libgvfsdbus.so
7f3ebcc27000-7f3ebce26000 ---p 00029000 08:11 2758337                    /usr/lib/gio/modules/libgvfsdbus.so
7f3ebce26000-7f3ebce27000 r-xp 00028000 08:11 2758337                    /usr/lib/gio/modules/libgvfsdbus.so
7f3ebce27000-7f3ebce28000 rwxp 00029000 08:11 2758337                    /usr/lib/gio/modules/libgvfsdbus.so
7f3ebce28000-7f3ebce6a000 r-xp 00000000 08:11 8654826                    /lib/x86_64-linux-gnu/libdbus-1.so.3.5.4
7f3ebce6a000-7f3ebd06a000 ---p 00042000 08:11 8654826                    /lib/x86_64-linux-gnu/libdbus-1.so.3.5.4
7f3ebd06a000-7f3ebd06b000 r-xp 00042000 08:11 8654826                    /lib/x86_64-linux-gnu/libdbus-1.so.3.5.4
7f3ebd06b000-7f3ebd06c000 rwxp 00043000 08:11 8654826                    /lib/x86_64-linux-gnu/libdbus-1.so.3.5.4
7f3ebd06c000-7f3ebd0ae000 r-xp 00000000 08:11 2636455                    /usr/lib/libibus.so.2.0.0
7f3ebd0ae000-7f3ebd2ae000 ---p 00042000 08:11 2636455                    /usr/lib/libibus.so.2.0.0
7f3ebd2ae000-7f3ebd2af000 r-xp 00042000 08:11 2636455                    /usr/lib/libibus.so.2.0.0
7f3ebd2af000-7f3ebd2b0000 rwxp 00043000 08:11 2636455                    /usr/lib/libibus.so.2.0.0
7f3ebd2b0000-7f3ebd2b1000 rwxp 00000000 00:00 0 
7f3ebd2d8000-7f3ebd2dd000 r-xp 00000000 08:11 3936483                    /usr/lib/gtk-2.0/2.10.0/immodules/im-ibus.so
7f3ebd2dd000-7f3ebd4dc000 ---p 00005000 08:11 3936483                    /usr/lib/gtk-2.0/2.10.0/immodules/im-ibus.so
7f3ebd4dc000-7f3ebd4dd000 r-xp 00004000 08:11 3936483                    /usr/lib/gtk-2.0/2.10.0/immodules/im-ibus.so
7f3ebd4dd000-7f3ebd4de000 rwxp 00005000 08:11 3936483                    /usr/lib/gtk-2.0/2.10.0/immodules/im-ibus.so
7f3ebd4de000-7f3ebd52d000 r-xp 00000000 08:11 3670561                    /usr/share/fonts/truetype/ttf-dejavu/DejaVuSansMono.ttf
7f3ebd52d000-7f3ebd585000 r-xp 00000000 08:11 4201254                    /usr/share/fonts/truetype/ubuntu-font-family/Ubuntu-R.ttf
7f3ebd585000-7f3ebd587000 r-xp 00000000 08:11 3540654                    /usr/lib/x86_64-linux-gnu/pango/1.6.0/modules/pango-basic-fc.so
7f3ebd587000-7f3ebd786000 ---p 00002000 08:11 3540654                    /usr/lib/x86_64-linux-gnu/pango/1.6.0/modules/pango-basic-fc.so
7f3ebd786000-7f3ebd787000 r-xp 00001000 08:11 3540654                    /usr/lib/x86_64-linux-gnu/pango/1.6.0/modules/pango-basic-fc.so
7f3ebd787000-7f3ebd788000 rwxp 00002000 08:11 3540654                    /usr/lib/x86_64-linux-gnu/pango/1.6.0/modules/pango-basic-fc.so
7f3ebd788000-7f3ebd789000 r-xs 00000000 08:11 4594459                    /var/cache/fontconfig/c05880de57d1f5e948fdfacc138775d9-le64.cache-3
7f3ebd789000-7f3ebd792000 r-xs 00000000 08:11 4594458                    /var/cache/fontconfig/945677eb7aeaf62f1d50efc3fb3ec7d8-le64.cache-3
7f3ebd792000-7f3ebd794000 r-xs 00000000 08:11 4594513                    /var/cache/fontconfig/99e8ed0e538f840c565b6ed5dad60d56-le64.cache-3
7f3ebd794000-7f3ebd797000 r-xs 00000000 08:11 4594455                    /var/cache/fontconfig/e383d7ea5fbe662a33d9b44caf393297-le64.cache-3
7f3ebd797000-7f3ebd799000 r-xs 00000000 08:11 4594454                    /var/cache/fontconfig/2cd17615ca594fa2959ae173292e504c-le64.cache-3
7f3ebd799000-7f3ebd79a000 r-xs 00000000 08:11 4594453                    /var/cache/fontconfig/e7071f4a29fa870f4323321c154eba04-le64.cache-3
7f3ebd79a000-7f3ebd79d000 r-xs 00000000 08:11 4596257                    /var/cache/fontconfig/b5ea634b0fb353b8ea17632d1f9ef766-le64.cache-3
7f3ebd79d000-7f3ebd7a1000 r-xs 00000000 08:11 4594452                    /var/cache/fontconfig/6eb3985aa4124903f6ff08ba781cd364-le64.cache-3
7f3ebd7a1000-7f3ebd7a2000 r-xs 00000000 08:11 4594451                    /var/cache/fontconfig/4c73fe0c47614734b17d736dbde7580a-le64.cache-3
7f3ebd7a2000-7f3ebd7a3000 r-xs 00000000 08:11 4594450                    /var/cache/fontconfig/0d8c3b2ac0904cb8a57a757ad11a4a08-le64.cache-3
7f3ebd7a3000-7f3ebd7a4000 r-xs 00000000 08:11 4594449                    /var/cache/fontconfig/6a53c69dea097a2d716e069445527da8-le64.cache-3
7f3ebd7a4000-7f3ebd7aa000 r-xs 00000000 08:11 4594448                    /var/cache/fontconfig/a755afe4a08bf5b97852ceb7400b47bc-le64.cache-3
7f3ebd7aa000-7f3ebd7b3000 r-xs 00000000 08:11 4594437                    /var/cache/fontconfig/6d41288fd70b0be22e8c3a91e032eec0-le64.cache-3
7f3ebd7b3000-7f3ebd7c3000 r-xs 00000000 08:11 4594446                    /var/cache/fontconfig/0f34bcd4b6ee430af32735b75db7f02b-le64.cache-3
7f3ebd7c3000-7f3ebd7cd000 r-xs 00000000 08:11 4594456                    /var/cache/fontconfig/d52a8644073d54c13679302ca1180695-le64.cache-3
7f3ebd7cd000-7f3ebd7e0000 r-xs 00000000 08:11 4587524                    /var/cache/fontconfig/e13b20fdb08344e0e664864cc2ede53d-le64.cache-3
7f3ebd7e0000-7f3ebd7f4000 r-xs 00000000 08:11 4596260                    /var/cache/fontconfig/865f88548240fee46819705c6468c165-le64.cache-3
7f3ebd7f4000-7f3ebd7fe000 r-xs 00000000 08:11 4072812                    /usr/share/fonts/type1/mathml/Symbol.pfb
7f3ebd813000-7f3ebd82e000 r-xs 00000000 08:11 4071684                    /usr/share/fonts/type1/gsfonts/p052003l.pfb
7f3ebd82e000-7f3ebd837000 r-xs 00000000 08:11 4201296                    /usr/share/fonts/X11/Type1/c0648bt_.pfb
7f3ebd837000-7f3ebd850000 r-xs 00000000 08:11 4071731                    /usr/share/fonts/type1/gsfonts/n022004l.pfb
7f3ebd850000-7f3ebd861000 r-xs 00000000 08:11 4071736                    /usr/share/fonts/type1/gsfonts/n019024l.pfb
7f3ebd861000-7f3ebd874000 r-xs 00000000 08:11 4071695                    /usr/share/fonts/type1/gsfonts/b018015l.pfb
7f3ebd874000-7f3ebd88a000 r-xs 00000000 08:11 4071700                    /usr/share/fonts/type1/gsfonts/n021024l.pfb
7f3ebd88a000-7f3ebd89d000 r-xs 00000000 08:11 4071732                    /usr/share/fonts/type1/gsfonts/n019064l.pfb
7f3ebd89d000-7f3ebd8ad000 r-xs 00000000 08:11 4071715                    /usr/share/fonts/type1/gsfonts/a010033l.pfb
7f3ebd8bf000-7f3ebd8d0000 r-xs 00000000 08:11 4071733                    /usr/share/fonts/type1/gsfonts/n019063l.pfb
7f3ebd8d0000-7f3ebd8e9000 r-xs 00000000 08:11 4071754                    /usr/share/fonts/type1/gsfonts/n021004l.pfb
7f3ebd8e9000-7f3ebd8f3000 r-xs 00000000 08:11 4201289                    /usr/share/fonts/X11/Type1/c0419bt_.pfb
7f3ebd8f3000-7f3ebd90b000 r-xs 00000000 08:11 4071747                    /usr/share/fonts/type1/gsfonts/c059036l.pfb
7f3ebd90b000-7f3ebd91d000 r-xs 00000000 08:11 4071725                    /usr/share/fonts/type1/gsfonts/n019004l.pfb
7f3ebd91d000-7f3ebd938000 r-xs 00000000 08:11 4071677                    /usr/share/fonts/type1/gsfonts/c059016l.pfb
7f3ebd938000-7f3ebd952000 r-xs 00000000 08:11 4071693                    /usr/share/fonts/type1/gsfonts/c059013l.pfb
7f3ebd952000-7f3ebd95b000 r-xs 00000000 08:11 4201294                    /usr/share/fonts/X11/Type1/c0632bt_.pfb
7f3ebd95b000-7f3ebd96d000 r-xs 00000000 08:11 4071721                    /usr/share/fonts/type1/gsfonts/n019044l.pfb
7f3ebd96d000-7f3ebd988000 r-xs 00000000 08:11 4071687                    /usr/share/fonts/type1/gsfonts/p052023l.pfb
7f3ebd988000-7f3ebd991000 r-xs 00000000 08:11 4201288                    /usr/share/fonts/X11/Type1/c0649bt_.pfb
7f3ebd991000-7f3ebd9aa000 r-xs 00000000 08:11 4071667                    /usr/share/fonts/type1/gsfonts/n021003l.pfb
7f3ebd9aa000-7f3ebd9c0000 r-xs 00000000 08:11 4071697                    /usr/share/fonts/type1/gsfonts/n022024l.pfb
7f3ebd9c0000-7f3ebd9d1000 r-xs 00000000 08:11 4071710                    /usr/share/fonts/type1/gsfonts/n019023l.pfb
7f3ebd9d1000-7f3ebd9db000 r-xs 00000000 08:11 4201293                    /usr/share/fonts/X11/Type1/c0611bt_.pfb
7f3ebd9db000-7f3ebd9f6000 r-xs 00000000 08:11 4071694                    /usr/share/fonts/type1/gsfonts/p052004l.pfb
7f3ebd9f6000-7f3ebda0d000 r-xs 00000000 08:11 4071756                    /usr/share/fonts/type1/gsfonts/z003034l.pfb
7f3ebda0d000-7f3ebda1e000 r-xs 00000000 08:11 4071750                    /usr/share/fonts/type1/gsfonts/a010035l.pfb
7f3ebda1e000-7f3ebda30000 r-xs 00000000 08:11 4071760                    /usr/share/fonts/type1/gsfonts/n019043l.pfb
7f3ebda49000-7f3ebda61000 r-xs 00000000 08:11 4071676                    /usr/share/fonts/type1/gsfonts/c059033l.pfb
7f3ebda61000-7f3ebda6a000 r-xs 00000000 08:11 4071711                    /usr/share/fonts/type1/gsfonts/s050000l.pfb
7f3ebda6a000-7f3ebda7e000 r-xs 00000000 08:11 4071686                    /usr/share/fonts/type1/gsfonts/n019003l.pfb
7f3ebda7e000-7f3ebda88000 r-xs 00000000 08:11 4201301                    /usr/share/fonts/X11/Type1/c0582bt_.pfb
7f3ebda88000-7f3ebda92000 r-xs 00000000 08:11 4201300                    /usr/share/fonts/X11/Type1/c0583bt_.pfb
7f3ebda92000-7f3ebdaa8000 r-xs 00000000 08:11 4071753                    /usr/share/fonts/type1/gsfonts/n022023l.pfb
7f3ebdaa8000-7f3ebdab1000 r-xs 00000000 08:11 4201302                    /usr/share/fonts/X11/Type1/c0633bt_.pfb
7f3ebdab1000-7f3ebdac9000 r-xs 00000000 08:11 4071712                    /usr/share/fonts/type1/gsfonts/n022003l.pfb
7f3ebdac9000-7f3ebdad9000 r-xs 00000000 08:11 4071762                    /usr/share/fonts/type1/gsfonts/a010013l.pfb
7f3ebdad9000-7f3ebdae5000 r-xs 00000000 08:11 4071680                    /usr/share/fonts/type1/gsfonts/d050000l.pfb
7f3ebdae5000-7f3ebdafc000 r-xs 00000000 08:11 4071705                    /usr/share/fonts/type1/gsfonts/n021023l.pfb
7f3ebdafc000-7f3ebdb0c000 r-xs 00000000 08:11 4071727                    /usr/share/fonts/type1/gsfonts/a010015l.pfb
7f3ebdb0c000-7f3ebdb28000 r-xs 00000000 08:11 4071714                    /usr/share/fonts/type1/gsfonts/p052024l.pfb
7f3ebdb28000-7f3ebdb47000 r-xs 00000000 08:11 3019063                    /usr/share/texmf/fonts/type1/public/lm/lmtlo10.pfb
7f3ebdb47000-7f3ebdb4f000 r-xs 00000000 08:11 3019012                    /usr/share/texmf/fonts/type1/public/lm/lmmib5.pfb
7f3ebdb4f000-7f3ebdb72000 r-xs 00000000 08:11 3019059                    /usr/share/texmf/fonts/type1/public/lm/lmtko10.pfb
7f3ebdb72000-7f3ebdb7a000 r-xs 00000000 08:11 3019011                    /usr/share/texmf/fonts/type1/public/lm/lmmib10.pfb
7f3ebdb99000-7f3ebdbb1000 r-xs 00000000 08:11 3019035                    /usr/share/texmf/fonts/type1/public/lm/lmss8.pfb
7f3ebdbb1000-7f3ebdbce000 r-xs 00000000 08:11 3018992                    /usr/share/texmf/fonts/type1/public/lm/lmbx5.pfb
7f3ebdbce000-7f3ebdbe7000 r-xs 00000000 08:11 3019068                    /usr/share/texmf/fonts/type1/public/lm/lmtti10.pfb
7f3ebdbe7000-7f3ebdc02000 r-xs 00000000 08:11 3019067                    /usr/share/texmf/fonts/type1/public/lm/lmtt9.pfb
7f3ebdc02000-7f3ebdc21000 r-xs 00000000 08:11 3018993                    /usr/share/texmf/fonts/type1/public/lm/lmbx6.pfb
7f3ebdc21000-7f3ebdc3e000 r-xs 00000000 08:11 3018999                    /usr/share/texmf/fonts/type1/public/lm/lmcsc10.pfb
7f3ebdc3e000-7f3ebdc5a000 r-xs 00000000 08:11 3019070                    /usr/share/texmf/fonts/type1/public/lm/lmu10.pfb
7f3ebdc5a000-7f3ebdc7c000 r-xs 00000000 08:11 3019031                    /usr/share/texmf/fonts/type1/public/lm/lmro9.pfb
7f3ebdc7c000-7f3ebdc97000 r-xs 00000000 08:11 3019045                    /usr/share/texmf/fonts/type1/public/lm/lmsso9.pfb
7f3ebdc97000-7f3ebdcb4000 r-xs 00000000 08:11 3019039                    /usr/share/texmf/fonts/type1/public/lm/lmssdc10.pfb
7f3ebdcb4000-7f3ebdccc000 r-xs 00000000 08:11 3019032                    /usr/share/texmf/fonts/type1/public/lm/lmss10.pfb
7f3ebdccc000-7f3ebdcd4000 r-xs 00000000 08:11 3019004                    /usr/share/texmf/fonts/type1/public/lm/lmmi10.pfb
7f3ebdcd4000-7f3ebdcdc000 r-xs 00000000 08:11 3019008                    /usr/share/texmf/fonts/type1/public/lm/lmmi7.pfb
7f3ebdcdc000-7f3ebdce3000 r-xs 00000000 08:11 3019052                    /usr/share/texmf/fonts/type1/public/lm/lmsy6.pfb
7f3ebdce3000-7f3ebdd02000 r-xs 00000000 08:11 3018995                    /usr/share/texmf/fonts/type1/public/lm/lmbx8.pfb
7f3ebdd02000-7f3ebdd09000 r-xs 00000000 08:11 3019055                    /usr/share/texmf/fonts/type1/public/lm/lmsy9.pfb
7f3ebdd09000-7f3ebdd28000 r-xs 00000000 08:11 3019001                    /usr/share/texmf/fonts/type1/public/lm/lmdunh10.pfb
7f3ebdd28000-7f3ebdd43000 r-xs 00000000 08:11 3019061                    /usr/share/texmf/fonts/type1/public/lm/lmtlc10.pfb
7f3ebdd43000-7f3ebdd64000 r-xs 00000000 08:11 3019029                    /usr/share/texmf/fonts/type1/public/lm/lmro17.pfb
7f3ebdd64000-7f3ebdd7f000 r-xs 00000000 08:11 3019056                    /usr/share/texmf/fonts/type1/public/lm/lmtcsc10.pfb
7f3ebdd7f000-7f3ebdd97000 r-xs 00000000 08:11 3019034                    /usr/share/texmf/fonts/type1/public/lm/lmss17.pfb
7f3ebdd97000-7f3ebdd9f000 r-xs 00000000 08:11 3019009                    /usr/share/texmf/fonts/type1/public/lm/lmmi8.pfb
7f3ebdd9f000-7f3ebddbb000 r-xs 00000000 08:11 3019015                    /usr/share/texmf/fonts/type1/public/lm/lmr12.pfb
7f3ebddbb000-7f3ebdddb000 r-xs 00000000 08:11 3019049                    /usr/share/texmf/fonts/type1/public/lm/lmssqo8.pfb
7f3ebdddb000-7f3ebddf9000 r-xs 00000000 08:11 3018990                    /usr/share/texmf/fonts/type1/public/lm/lmbx10.pfb
7f3ebddf9000-7f3ebde17000 r-xs 00000000 08:11 3018994                    /usr/share/texmf/fonts/type1/public/lm/lmbx7.pfb
7f3ebde17000-7f3ebde35000 r-xs 00000000 08:11 3019017                    /usr/share/texmf/fonts/type1/public/lm/lmr5.pfb
7f3ebde35000-7f3ebde3d000 r-xs 00000000 08:11 3019006                    /usr/share/texmf/fonts/type1/public/lm/lmmi5.pfb
7f3ebde3d000-7f3ebde45000 r-xs 00000000 08:11 3019010                    /usr/share/texmf/fonts/type1/public/lm/lmmi9.pfb
7f3ebde45000-7f3ebde63000 r-xs 00000000 08:11 3019014                    /usr/share/texmf/fonts/type1/public/lm/lmr10.pfb
7f3ebde63000-7f3ebde82000 r-xs 00000000 08:11 3019028                    /usr/share/texmf/fonts/type1/public/lm/lmro12.pfb
7f3ebde82000-7f3ebdea4000 r-xs 00000000 08:11 3018986                    /usr/share/texmf/fonts/type1/public/lm/lmbo10.pfb
7f3ebdea4000-7f3ebdebf000 r-xs 00000000 08:11 3019023                    /usr/share/texmf/fonts/type1/public/lm/lmri12.pfb
7f3ebdebf000-7f3ebdedb000 r-xs 00000000 08:11 3019024                    /usr/share/texmf/fonts/type1/public/lm/lmri7.pfb
7f3ebdedb000-7f3ebdefc000 r-xs 00000000 08:11 3019030                    /usr/share/texmf/fonts/type1/public/lm/lmro8.pfb
7f3ebdefc000-7f3ebdf04000 r-xs 00000000 08:11 3019007                    /usr/share/texmf/fonts/type1/public/lm/lmmi6.pfb
7f3ebdf04000-7f3ebdf26000 r-xs 00000000 08:11 3018998                    /usr/share/texmf/fonts/type1/public/lm/lmbxo10.pfb
7f3ebdf26000-7f3ebdf43000 r-xs 00000000 08:11 3019066                    /usr/share/texmf/fonts/type1/public/lm/lmtt8.pfb
7f3ebdf43000-7f3ebdf62000 r-xs 00000000 08:11 3019018                    /usr/share/texmf/fonts/type1/public/lm/lmr6.pfb
7f3ebdf62000-7f3ebdf7f000 r-xs 00000000 08:11 3019048                    /usr/share/texmf/fonts/type1/public/lm/lmssqbx8.pfb
7f3ebdf7f000-7f3ebdf9b000 r-xs 00000000 08:11 3019022                    /usr/share/texmf/fonts/type1/public/lm/lmri10.pfb
7f3ebdf9b000-7f3ebdfbc000 r-xs 00000000 08:11 3019076                    /usr/share/texmf/fonts/type1/public/lm/lmvtto10.pfb
7f3ebdfbc000-7f3ebdfda000 r-xs 00000000 08:11 3019038                    /usr/share/texmf/fonts/type1/public/lm/lmssbx10.pfb
7f3ebdfda000-7f3ebdff9000 r-xs 00000000 08:11 3018996                    /usr/share/texmf/fonts/type1/public/lm/lmbx9.pfb
7f3ebdff9000-7f3ebe000000 r-xs 00000000 08:11 3018987                    /usr/share/texmf/fonts/type1/public/lm/lmbsy10.pfb
7f3ebe000000-7f3ebe01a000 r-xs 00000000 08:11 3019060                    /usr/share/texmf/fonts/type1/public/lm/lmtl10.pfb
7f3ebe01a000-7f3ebe03e000 r-xs 00000000 08:11 3019002                    /usr/share/texmf/fonts/type1/public/lm/lmduno10.pfb
7f3ebe03e000-7f3ebe05a000 r-xs 00000000 08:11 3019064                    /usr/share/texmf/fonts/type1/public/lm/lmtt10.pfb
7f3ebe05a000-7f3ebe072000 r-xs 00000000 08:11 3019033                    /usr/share/texmf/fonts/type1/public/lm/lmss12.pfb
7f3ebe072000-7f3ebe079000 r-xs 00000000 08:11 3019054                    /usr/share/texmf/fonts/type1/public/lm/lmsy8.pfb
7f3ebe079000-7f3ebe096000 r-xs 00000000 08:11 3019058                    /usr/share/texmf/fonts/type1/public/lm/lmtk10.pfb
7f3ebe096000-7f3ebe0bb000 r-xs 00000000 08:11 3019072                    /usr/share/texmf/fonts/type1/public/lm/lmvtko10.pfb
7f3ebe0bb000-7f3ebe0d3000 r-xs 00000000 08:11 3019036                    /usr/share/texmf/fonts/type1/public/lm/lmss9.pfb
7f3ebe0d3000-7f3ebe0f5000 r-xs 00000000 08:11 3019037                    /usr/share/texmf/fonts/type1/public/lm/lmssbo10.pfb
7f3ebe0f5000-7f3ebe115000 r-xs 00000000 08:11 3019057                    /usr/share/texmf/fonts/type1/public/lm/lmtcso10.pfb
7f3ebe115000-7f3ebe132000 r-xs 00000000 08:11 3019075                    /usr/share/texmf/fonts/type1/public/lm/lmvtt10.pfb
7f3ebe132000-7f3ebe14d000 r-xs 00000000 08:11 3019042                    /usr/share/texmf/fonts/type1/public/lm/lmsso12.pfb
7f3ebe14d000-7f3ebe16f000 r-xs 00000000 08:11 3019062                    /usr/share/texmf/fonts/type1/public/lm/lmtlco10.pfb
7f3ebe16f000-7f3ebe18a000 r-xs 00000000 08:11 3019065                    /usr/share/texmf/fonts/type1/public/lm/lmtt12.pfb
7f3ebe18a000-7f3ebe1a6000 r-xs 00000000 08:11 3018997                    /usr/share/texmf/fonts/type1/public/lm/lmbxi10.pfb
7f3ebe1a6000-7f3ebe1c5000 r-xs 00000000 08:11 3019069                    /usr/share/texmf/fonts/type1/public/lm/lmtto10.pfb
7f3ebe1c5000-7f3ebe1e4000 r-xs 00000000 08:11 3019071                    /usr/share/texmf/fonts/type1/public/lm/lmvtk10.pfb
7f3ebe1e4000-7f3ebe1ff000 r-xs 00000000 08:11 3019043                    /usr/share/texmf/fonts/type1/public/lm/lmsso17.pfb
7f3ebe1ff000-7f3ebe21d000 r-xs 00000000 08:11 3019021                    /usr/share/texmf/fonts/type1/public/lm/lmr9.pfb
7f3ebe21d000-7f3ebe238000 r-xs 00000000 08:11 3019041                    /usr/share/texmf/fonts/type1/public/lm/lmsso10.pfb
7f3ebe238000-7f3ebe259000 r-xs 00000000 08:11 3019000                    /usr/share/texmf/fonts/type1/public/lm/lmcsco10.pfb
7f3ebe259000-7f3ebe27a000 r-xs 00000000 08:11 3019027                    /usr/share/texmf/fonts/type1/public/lm/lmro10.pfb
7f3ebe27a000-7f3ebe295000 r-xs 00000000 08:11 3019026                    /usr/share/texmf/fonts/type1/public/lm/lmri9.pfb
7f3ebe295000-7f3ebe2b3000 r-xs 00000000 08:11 3019019                    /usr/share/texmf/fonts/type1/public/lm/lmr7.pfb
7f3ebe2b3000-7f3ebe2d1000 r-xs 00000000 08:11 3019073                    /usr/share/texmf/fonts/type1/public/lm/lmvtl10.pfb
7f3ebe2d1000-7f3ebe2ef000 r-xs 00000000 08:11 3019016                    /usr/share/texmf/fonts/type1/public/lm/lmr17.pfb
7f3ebe2ef000-7f3ebe30a000 r-xs 00000000 08:11 3019025                    /usr/share/texmf/fonts/type1/public/lm/lmri8.pfb
7f3ebe30a000-7f3ebe311000 r-xp 00000000 08:11 3413015                    /usr/lib/jvm/java-6-sun-1.6.0.26/jre/lib/amd64/libnio.so
7f3ebe311000-7f3ebe410000 ---p 00007000 08:11 3413015                    /usr/lib/jvm/java-6-sun-1.6.0.26/jre/lib/amd64/libnio.so
7f3ebe410000-7f3ebe412000 rwxp 00006000 08:11 3413015                    /usr/lib/jvm/java-6-sun-1.6.0.26/jre/lib/amd64/libnio.so
7f3ebe412000-7f3ebe425000 r-xp 00000000 08:11 3413028                    /usr/lib/jvm/java-6-sun-1.6.0.26/jre/lib/amd64/libnet.so
7f3ebe425000-7f3ebe526000 ---p 00013000 08:11 3413028                    /usr/lib/jvm/java-6-sun-1.6.0.26/jre/lib/amd64/libnet.so
7f3ebe526000-7f3ebe529000 rwxp 00014000 08:11 3413028                    /usr/lib/jvm/java-6-sun-1.6.0.26/jre/lib/amd64/libnet.so
7f3ebe529000-7f3ebe554000 r-xp 00000000 08:11 3936338                    /usr/lib/gtk-2.0/2.10.0/engines/libclearlooks.so
7f3ebe554000-7f3ebe753000 ---p 0002b000 08:11 3936338                    /usr/lib/gtk-2.0/2.10.0/engines/libclearlooks.so
7f3ebe753000-7f3ebe754000 r-xp 0002a000 08:11 3936338                    /usr/lib/gtk-2.0/2.10.0/engines/libclearlooks.so
7f3ebe754000-7f3ebe755000 rwxp 0002b000 08:11 3936338                    /usr/lib/gtk-2.0/2.10.0/engines/libclearlooks.so
7f3ebe755000-7f3ebe75b000 r-xp 00000000 08:11 2623880                    /usr/lib/libogg.so.0.7.0
7f3ebe75b000-7f3ebe95a000 ---p 00006000 08:11 2623880                    /usr/lib/libogg.so.0.7.0
7f3ebe95a000-7f3ebe95b000 r-xp 00005000 08:11 2623880                    /usr/lib/libogg.so.0.7.0
7f3ebe95b000-7f3ebe95c000 rwxp 00006000 08:11 2623880                    /usr/lib/libogg.so.0.7.0
7f3ebe95c000-7f3ebe987000 r-xp 00000000 08:11 2623883                    /usr/lib/libvorbis.so.0.4.5
7f3ebe987000-7f3ebeb86000 ---p 0002b000 08:11 2623883                    /usr/lib/libvorbis.so.0.4.5
7f3ebeb86000-7f3ebeb87000 r-xp 0002a000 08:11 2623883                    /usr/lib/libvorbis.so.0.4.5
7f3ebeb87000-7f3ebeb88000 rwxp 0002b000 08:11 2623883                    /usr/lib/libvorbis.so.0.4.5
7f3ebeb88000-7f3ebeb90000 r-xp 00000000 08:11 2623874                    /usr/lib/libltdl.so.7.2.1
7f3ebeb90000-7f3ebed90000 ---p 00008000 08:11 2623874                    /usr/lib/libltdl.so.7.2.1
7f3ebed90000-7f3ebed91000 r-xp 00008000 08:11 2623874                    /usr/lib/libltdl.so.7.2.1
7f3ebed91000-7f3ebed92000 rwxp 00009000 08:11 2623874                    /usr/lib/libltdl.so.7.2.1
7f3ebed92000-7f3ebeda2000 r-xp 00000000 08:11 2623876                    /usr/lib/libtdb.so.1.2.9
7f3ebeda2000-7f3ebefa1000 ---p 00010000 08:11 2623876                    /usr/lib/libtdb.so.1.2.9
7f3ebefa1000-7f3ebefa2000 r-xp 0000f000 08:11 2623876                    /usr/lib/libtdb.so.1.2.9
7f3ebefa2000-7f3ebefa3000 rwxp 00010000 08:11 2623876                    /usr/lib/libtdb.so.1.2.9
7f3ebefa3000-7f3ebefaa000 r-xp 00000000 08:11 2623886                    /usr/lib/libvorbisfile.so.3.3.4
7f3ebefaa000-7f3ebf1a9000 ---p 00007000 08:11 2623886                    /usr/lib/libvorbisfile.so.3.3.4
7f3ebf1a9000-7f3ebf1aa000 r-xp 00006000 08:11 2623886                    /usr/lib/libvorbisfile.so.3.3.4
7f3ebf1aa000-7f3ebf1ab000 rwxp 00007000 08:11 2623886                    /usr/lib/libvorbisfile.so.3.3.4
7f3ebf1ab000-7f3ebf1ba000 r-xp 00000000 08:11 2623888                    /usr/lib/libcanberra.so.0.2.5
7f3ebf1ba000-7f3ebf3b9000 ---p 0000f000 08:11 2623888                    /usr/lib/libcanberra.so.0.2.5
7f3ebf3b9000-7f3ebf3ba000 r-xp 0000e000 08:11 2623888                    /usr/lib/libcanberra.so.0.2.5
7f3ebf3ba000-7f3ebf3bb000 rwxp 0000f000 08:11 2623888                    /usr/lib/libcanberra.so.0.2.5
7f3ebf3bb000-7f3ebf3bf000 r-xp 00000000 08:11 2623890                    /usr/lib/libcanberra-gtk.so.0.1.8
7f3ebf3bf000-7f3ebf5be000 ---p 00004000 08:11 2623890                    /usr/lib/libcanberra-gtk.so.0.1.8
7f3ebf5be000-7f3ebf5bf000 r-xp 00003000 08:11 2623890                    /usr/lib/libcanberra-gtk.so.0.1.8
7f3ebf5bf000-7f3ebf5c0000 rwxp 00004000 08:11 2623890                    /usr/lib/libcanberra-gtk.so.0.1.8
7f3ebf5c0000-7f3ebf5c5000 r-xp 00000000 08:11 4072278                    /usr/lib/gtk-2.0/modules/libcanberra-gtk-module.so
7f3ebf5c5000-7f3ebf7c4000 ---p 00005000 08:11 4072278                    /usr/lib/gtk-2.0/modules/libcanberra-gtk-module.so
7f3ebf7c4000-7f3ebf7c5000 r-xp 00004000 08:11 4072278                    /usr/lib/gtk-2.0/modules/libcanberra-gtk-module.so
7f3ebf7c5000-7f3ebf7c6000 rwxp 00005000 08:11 4072278                    /usr/lib/gtk-2.0/modules/libcanberra-gtk-module.so
7f3ebf7c6000-7f3ebf7d0000 r-xp 00000000 08:11 2636881                    /usr/lib/liboverlay-scrollbar-0.1.so.0.0.12
7f3ebf7d0000-7f3ebf9cf000 ---p 0000a000 08:11 2636881                    /usr/lib/liboverlay-scrollbar-0.1.so.0.0.12
7f3ebf9cf000-7f3ebf9d0000 r-xp 00009000 08:11 2636881                    /usr/lib/liboverlay-scrollbar-0.1.so.0.0.12
7f3ebf9d0000-7f3ebf9d1000 rwxp 0000a000 08:11 2636881                    /usr/lib/liboverlay-scrollbar-0.1.so.0.0.12
7f3ebf9d1000-7f3ebf9f8000 r-xp 00000000 08:11 8651000                    /lib/x86_64-linux-gnu/libexpat.so.1.5.2
7f3ebf9f8000-7f3ebfbf8000 ---p 00027000 08:11 8651000                    /lib/x86_64-linux-gnu/libexpat.so.1.5.2
7f3ebfbf8000-7f3ebfbfa000 r-xp 00027000 08:11 8651000                    /lib/x86_64-linux-gnu/libexpat.so.1.5.2
7f3ebfbfa000-7f3ebfbfb000 rwxp 00029000 08:11 8651000                    /lib/x86_64-linux-gnu/libexpat.so.1.5.2
7f3ebfbfb000-7f3ebfc17000 r-xp 00000000 08:11 8650824                    /lib/x86_64-linux-gnu/libselinux.so.1
7f3ebfc17000-7f3ebfe16000 ---p 0001c000 08:11 8650824                    /lib/x86_64-linux-gnu/libselinux.so.1
7f3ebfe16000-7f3ebfe17000 r-xp 0001b000 08:11 8650824                    /lib/x86_64-linux-gnu/libselinux.so.1
7f3ebfe17000-7f3ebfe18000 rwxp 0001c000 08:11 8650824                    /lib/x86_64-linux-gnu/libselinux.so.1
7f3ebfe18000-7f3ebfe19000 rwxp 00000000 00:00 0 
7f3ebfe19000-7f3ebfe30000 r-xp 00000000 08:11 8650790                    /lib/x86_64-linux-gnu/libresolv-2.13.so
7f3ebfe30000-7f3ec0030000 ---p 00017000 08:11 8650790                    /lib/x86_64-linux-gnu/libresolv-2.13.so
7f3ec0030000-7f3ec0031000 r-xp 00017000 08:11 8650790                    /lib/x86_64-linux-gnu/libresolv-2.13.so
7f3ec0031000-7f3ec0032000 rwxp 00018000 08:11 8650790                    /lib/x86_64-linux-gnu/libresolv-2.13.so
7f3ec0032000-7f3ec0034000 rwxp 00000000 00:00 0 
7f3ec0034000-7f3ec006f000 r-xp 00000000 08:11 8650849                    /lib/x86_64-linux-gnu/libpcre.so.3.12.1
7f3ec006f000-7f3ec026e000 ---p 0003b000 08:11 8650849                    /lib/x86_64-linux-gnu/libpcre.so.3.12.1
7f3ec026e000-7f3ec026f000 r-xp 0003a000 08:11 8650849                    /lib/x86_64-linux-gnu/libpcre.so.3.12.1
7f3ec026f000-7f3ec0270000 rwxp 0003b000 08:11 8650849                    /lib/x86_64-linux-gnu/libpcre.so.3.12.1
7f3ec0270000-7f3ec0287000 r-xp 00000000 08:11 8650994                    /lib/x86_64-linux-gnu/libz.so.1.2.3.4
7f3ec0287000-7f3ec0486000 ---p 00017000 08:11 8650994                    /lib/x86_64-linux-gnu/libz.so.1.2.3.4
7f3ec0486000-7f3ec0487000 r-xp 00016000 08:11 8650994                    /lib/x86_64-linux-gnu/libz.so.1.2.3.4
7f3ec0487000-7f3ec0488000 rwxp 00017000 08:11 8650994                    /lib/x86_64-linux-gnu/libz.so.1.2.3.4
7f3ec0488000-7f3ec048f000 r-xp 00000000 08:11 2630981                    /usr/lib/x86_64-linux-gnu/libxcb-render.so.0.0.0
7f3ec048f000-7f3ec068f000 ---p 00007000 08:11 2630981                    /usr/lib/x86_64-linux-gnu/libxcb-render.so.0.0.0
7f3ec068f000-7f3ec0690000 r-xp 00007000 08:11 2630981                    /usr/lib/x86_64-linux-gnu/libxcb-render.so.0.0.0
7f3ec0690000-7f3ec0691000 rwxp 00008000 08:11 2630981                    /usr/lib/x86_64-linux-gnu/libxcb-render.so.0.0.0
7f3ec0691000-7f3ec0693000 r-xp 00000000 08:11 2630983                    /usr/lib/x86_64-linux-gnu/libxcb-shm.so.0.0.0
7f3ec0693000-7f3ec0892000 ---p 00002000 08:11 2630983                    /usr/lib/x86_64-linux-gnu/libxcb-shm.so.0.0.0
7f3ec0892000-7f3ec0893000 r-xp 00001000 08:11 2630983                    /usr/lib/x86_64-linux-gnu/libxcb-shm.so.0.0.0
7f3ec0893000-7f3ec0894000 rwxp 00002000 08:11 2630983                    /usr/lib/x86_64-linux-gnu/libxcb-shm.so.0.0.0
7f3ec0894000-7f3ec08ba000 r-xp 00000000 08:11 8654829                    /lib/x86_64-linux-gnu/libpng12.so.0.44.0
7f3ec08ba000-7f3ec0ab9000 ---p 00026000 08:11 8654829                    /lib/x86_64-linux-gnu/libpng12.so.0.44.0
7f3ec0ab9000-7f3ec0aba000 r-xp 00025000 08:11 8654829                    /lib/x86_64-linux-gnu/libpng12.so.0.44.0
7f3ec0aba000-7f3ec0abb000 rwxp 00026000 08:11 8654829                    /lib/x86_64-linux-gnu/libpng12.so.0.44.0
7f3ec0abb000-7f3ec0b23000 r-xp 00000000 08:11 2631673                    /usr/lib/libpixman-1.so.0.20.2
7f3ec0b23000-7f3ec0d23000 ---p 00068000 08:11 2631673                    /usr/lib/libpixman-1.so.0.20.2
7f3ec0d23000-7f3ec0d28000 r-xp 00068000 08:11 2631673                    /usr/lib/libpixman-1.so.0.20.2
7f3ec0d28000-7f3ec0d29000 rwxp 0006d000 08:11 2631673                    /usr/lib/libpixman-1.so.0.20.2
7f3ec0d29000-7f3ec0d31000 r-xp 00000000 08:11 2623625                    /usr/lib/x86_64-linux-gnu/libXrandr.so.2.2.0
7f3ec0d31000-7f3ec0f30000 ---p 00008000 08:11 2623625                    /usr/lib/x86_64-linux-gnu/libXrandr.so.2.2.0
7f3ec0f30000-7f3ec0f31000 r-xp 00007000 08:11 2623625                    /usr/lib/x86_64-linux-gnu/libXrandr.so.2.2.0
7f3ec0f31000-7f3ec0f32000 rwxp 00008000 08:11 2623625                    /usr/lib/x86_64-linux-gnu/libXrandr.so.2.2.0
7f3ec0f32000-7f3ec0f34000 r-xp 00000000 08:11 2623623                    /usr/lib/x86_64-linux-gnu/libXinerama.so.1.0.0
7f3ec0f34000-7f3ec1133000 ---p 00002000 08:11 2623623                    /usr/lib/x86_64-linux-gnu/libXinerama.so.1.0.0
7f3ec1133000-7f3ec1134000 r-xp 00001000 08:11 2623623                    /usr/lib/x86_64-linux-gnu/libXinerama.so.1.0.0
7f3ec1134000-7f3ec1135000 rwxp 00002000 08:11 2623623                    /usr/lib/x86_64-linux-gnu/libXinerama.so.1.0.0
7f3ec1135000-7f3ec1222000 r-xp 00000000 08:11 8650798                    /lib/x86_64-linux-gnu/libglib-2.0.so.0.2800.6
7f3ec1222000-7f3ec1421000 ---p 000ed000 08:11 8650798                    /lib/x86_64-linux-gnu/libglib-2.0.so.0.2800.6
7f3ec1421000-7f3ec1422000 r-xp 000ec000 08:11 8650798                    /lib/x86_64-linux-gnu/libglib-2.0.so.0.2800.6
7f3ec1422000-7f3ec1423000 rwxp 000ed000 08:11 8650798                    /lib/x86_64-linux-gnu/libglib-2.0.so.0.2800.6
7f3ec1423000-7f3ec1424000 rwxp 00000000 00:00 0 
7f3ec1424000-7f3ec1428000 r-xp 00000000 08:11 2622269                    /usr/lib/x86_64-linux-gnu/libgthread-2.0.so.0.2800.6
7f3ec1428000-7f3ec1627000 ---p 00004000 08:11 2622269                    /usr/lib/x86_64-linux-gnu/libgthread-2.0.so.0.2800.6
7f3ec1627000-7f3ec1628000 r-xp 00003000 08:11 2622269                    /usr/lib/x86_64-linux-gnu/libgthread-2.0.so.0.2800.6
7f3ec1628000-7f3ec1629000 rwxp 00004000 08:11 2622269                    /usr/lib/x86_64-linux-gnu/libgthread-2.0.so.0.2800.6
7f3ec1629000-7f3ec162c000 r-xp 00000000 08:11 2622270                    /usr/lib/x86_64-linux-gnu/libgmodule-2.0.so.0.2800.6
7f3ec162c000-7f3ec182b000 ---p 00003000 08:11 2622270                    /usr/lib/x86_64-linux-gnu/libgmodule-2.0.so.0.2800.6
7f3ec182b000-7f3ec182c000 r-xp 00002000 08:11 2622270                    /usr/lib/x86_64-linux-gnu/libgmodule-2.0.so.0.2800.6
7f3ec182c000-7f3ec182d000 rwxp 00003000 08:11 2622270                    /usr/lib/x86_64-linux-gnu/libgmodule-2.0.so.0.2800.6
7f3ec182d000-7f3ec187b000 r-xp 00000000 08:11 2622271                    /usr/lib/x86_64-linux-gnu/libgobject-2.0.so.0.2800.6
7f3ec187b000-7f3ec1a7b000 ---p 0004e000 08:11 2622271                    /usr/lib/x86_64-linux-gnu/libgobject-2.0.so.0.2800.6
7f3ec1a7b000-7f3ec1a7c000 r-xp 0004e000 08:11 2622271                    /usr/lib/x86_64-linux-gnu/libgobject-2.0.so.0.2800.6
7f3ec1a7c000-7f3ec1a7d000 rwxp 0004f000 08:11 2622271                    /usr/lib/x86_64-linux-gnu/libgobject-2.0.so.0.2800.6
7f3ec1a7d000-7f3ec1a7e000 rwxp 00000000 00:00 0 
7f3ec1a7e000-7f3ec1ab2000 r-xp 00000000 08:11 2630952                    /usr/lib/x86_64-linux-gnu/libfontconfig.so.1.4.4
7f3ec1ab2000-7f3ec1cb2000 ---p 00034000 08:11 2630952                    /usr/lib/x86_64-linux-gnu/libfontconfig.so.1.4.4
7f3ec1cb2000-7f3ec1cb3000 r-xp 00034000 08:11 2630952                    /usr/lib/x86_64-linux-gnu/libfontconfig.so.1.4.4
7f3ec1cb3000-7f3ec1cb4000 rwxp 00035000 08:11 2630952                    /usr/lib/x86_64-linux-gnu/libfontconfig.so.1.4.4
7f3ec1cb4000-7f3ec1d47000 r-xp 00000000 08:11 2621638                    /usr/lib/x86_64-linux-gnu/libfreetype.so.6.6.2
7f3ec1d47000-7f3ec1f46000 ---p 00093000 08:11 2621638                    /usr/lib/x86_64-linux-gnu/libfreetype.so.6.6.2
7f3ec1f46000-7f3ec1f4c000 r-xp 00092000 08:11 2621638                    /usr/lib/x86_64-linux-gnu/libfreetype.so.6.6.2
7f3ec1f4c000-7f3ec1f4d000 rwxp 00098000 08:11 2621638                    /usr/lib/x86_64-linux-gnu/libfreetype.so.6.6.2
7f3ec1f4d000-7f3ec1f94000 r-xp 00000000 08:11 2623598                    /usr/lib/x86_64-linux-gnu/libpango-1.0.so.0.2800.4
7f3ec1f94000-7f3ec2194000 ---p 00047000 08:11 2623598                    /usr/lib/x86_64-linux-gnu/libpango-1.0.so.0.2800.4
7f3ec2194000-7f3ec2196000 r-xp 00047000 08:11 2623598                    /usr/lib/x86_64-linux-gnu/libpango-1.0.so.0.2800.4
7f3ec2196000-7f3ec2197000 rwxp 00049000 08:11 2623598                    /usr/lib/x86_64-linux-gnu/libpango-1.0.so.0.2800.4
7f3ec2197000-7f3ec21c2000 r-xp 00000000 08:11 2623602                    /usr/lib/x86_64-linux-gnu/libpangoft2-1.0.so.0.2800.4
7f3ec21c2000-7f3ec23c1000 ---p 0002b000 08:11 2623602                    /usr/lib/x86_64-linux-gnu/libpangoft2-1.0.so.0.2800.4
7f3ec23c1000-7f3ec23c2000 r-xp 0002a000 08:11 2623602                    /usr/lib/x86_64-linux-gnu/libpangoft2-1.0.so.0.2800.4
7f3ec23c2000-7f3ec23c3000 rwxp 0002b000 08:11 2623602                    /usr/lib/x86_64-linux-gnu/libpangoft2-1.0.so.0.2800.4
7f3ec23c3000-7f3ec24e7000 r-xp 00000000 08:11 2622274                    /usr/lib/x86_64-linux-gnu/libgio-2.0.so.0.2800.6
7f3ec24e7000-7f3ec26e6000 ---p 00124000 08:11 2622274                    /usr/lib/x86_64-linux-gnu/libgio-2.0.so.0.2800.6
7f3ec26e6000-7f3ec26ea000 r-xp 00123000 08:11 2622274                    /usr/lib/x86_64-linux-gnu/libgio-2.0.so.0.2800.6
7f3ec26ea000-7f3ec26ec000 rwxp 00127000 08:11 2622274                    /usr/lib/x86_64-linux-gnu/libgio-2.0.so.0.2800.6
7f3ec26ec000-7f3ec26ee000 rwxp 00000000 00:00 0 
7f3ec26ee000-7f3ec270d000 r-xp 00000000 08:11 2623562                    /usr/lib/libgdk_pixbuf-2.0.so.0.2300.3
7f3ec270d000-7f3ec290c000 ---p 0001f000 08:11 2623562                    /usr/lib/libgdk_pixbuf-2.0.so.0.2300.3
7f3ec290c000-7f3ec290d000 r-xp 0001e000 08:11 2623562                    /usr/lib/libgdk_pixbuf-2.0.so.0.2300.3
7f3ec290d000-7f3ec290e000 rwxp 0001f000 08:11 2623562                    /usr/lib/libgdk_pixbuf-2.0.so.0.2300.3
7f3ec290e000-7f3ec29c9000 r-xp 00000000 08:11 2631675                    /usr/lib/libcairo.so.2.11000.2
7f3ec29c9000-7f3ec2bc9000 ---p 000bb000 08:11 2631675                    /usr/lib/libcairo.so.2.11000.2
7f3ec2bc9000-7f3ec2bcb000 r-xp 000bb000 08:11 2631675                    /usr/lib/libcairo.so.2.11000.2
7f3ec2bcb000-7f3ec2bcc000 rwxp 000bd000 08:11 2631675                    /usr/lib/libcairo.so.2.11000.2
7f3ec2bcc000-7f3ec2bcf000 rwxp 00000000 00:00 0 
7f3ec2bcf000-7f3ec2bed000 r-xp 00000000 08:11 2623490                    /usr/lib/x86_64-linux-gnu/libatk-1.0.so.0.9.1
7f3ec2bed000-7f3ec2ded000 ---p 0001e000 08:11 2623490                    /usr/lib/x86_64-linux-gnu/libatk-1.0.so.0.9.1
7f3ec2ded000-7f3ec2def000 r-xp 0001e000 08:11 2623490                    /usr/lib/x86_64-linux-gnu/libatk-1.0.so.0.9.1
7f3ec2def000-7f3ec2df0000 rwxp 00020000 08:11 2623490                    /usr/lib/x86_64-linux-gnu/libatk-1.0.so.0.9.1
7f3ec2df0000-7f3ec2df2000 r-xp 00000000 08:11 2623619                    /usr/lib/x86_64-linux-gnu/libXdamage.so.1.1.0
7f3ec2df2000-7f3ec2ff1000 ---p 00002000 08:11 2623619                    /usr/lib/x86_64-linux-gnu/libXdamage.so.1.1.0
7f3ec2ff1000-7f3ec2ff2000 r-xp 00001000 08:11 2623619                    /usr/lib/x86_64-linux-gnu/libXdamage.so.1.1.0
7f3ec2ff2000-7f3ec2ff3000 rwxp 00002000 08:11 2623619                    /usr/lib/x86_64-linux-gnu/libXdamage.so.1.1.0
7f3ec2ff3000-7f3ec2ff5000 r-xp 00000000 08:11 2623611                    /usr/lib/x86_64-linux-gnu/libXcomposite.so.1.0.0
7f3ec2ff5000-7f3ec31f4000 ---p 00002000 08:11 2623611                    /usr/lib/x86_64-linux-gnu/libXcomposite.so.1.0.0
7f3ec31f4000-7f3ec31f5000 r-xp 00001000 08:11 2623611                    /usr/lib/x86_64-linux-gnu/libXcomposite.so.1.0.0
7f3ec31f5000-7f3ec31f6000 rwxp 00002000 08:11 2623611                    /usr/lib/x86_64-linux-gnu/libXcomposite.so.1.0.0
7f3ec31f6000-7f3ec3201000 r-xp 00000000 08:11 2623599                    /usr/lib/x86_64-linux-gnu/libpangocairo-1.0.so.0.2800.4
7f3ec3201000-7f3ec3401000 ---p 0000b000 08:11 2623599                    /usr/lib/x86_64-linux-gnu/libpangocairo-1.0.so.0.2800.4
7f3ec3401000-7f3ec3402000 r-xp 0000b000 08:11 2623599                    /usr/lib/x86_64-linux-gnu/libpangocairo-1.0.so.0.2800.4
7f3ec3402000-7f3ec3403000 rwxp 0000c000 08:11 2623599                    /usr/lib/x86_64-linux-gnu/libpangocairo-1.0.so.0.2800.4
7f3ec3403000-7f3ec34b1000 r-xp 00000000 08:11 2623634                    /usr/lib/libgdk-x11-2.0.so.0.2400.4
7f3ec34b1000-7f3ec36b0000 ---p 000ae000 08:11 2623634                    /usr/lib/libgdk-x11-2.0.so.0.2400.4
7f3ec36b0000-7f3ec36b4000 r-xp 000ad000 08:11 2623634                    /usr/lib/libgdk-x11-2.0.so.0.2400.4
7f3ec36b4000-7f3ec36b6000 rwxp 000b1000 08:11 2623634                    /usr/lib/libgdk-x11-2.0.so.0.2400.4
7f3ec36b6000-7f3ec3aec000 r-xp 00000000 08:11 2623633                    /usr/lib/libgtk-x11-2.0.so.0.2400.4
7f3ec3aec000-7f3ec3cec000 ---p 00436000 08:11 2623633                    /usr/lib/libgtk-x11-2.0.so.0.2400.4
7f3ec3cec000-7f3ec3cf3000 r-xp 00436000 08:11 2623633                    /usr/lib/libgtk-x11-2.0.so.0.2400.4
7f3ec3cf3000-7f3ec3cf7000 rwxp 0043d000 08:11 2623633                    /usr/lib/libgtk-x11-2.0.so.0.2400.4
7f3ec3cf7000-7f3ec3cf9000 rwxp 00000000 00:00 0 
7f3ec3cf9000-7f3ec3cfc000 ---p 00000000 00:00 0 
7f3ec3cfc000-7f3ec3dfa000 rwxp 00000000 00:00 0 
7f3ec3dfa000-7f3ec3dff000 r-xp 00000000 08:11 2623614                    /usr/lib/x86_64-linux-gnu/libXfixes.so.3.1.0
7f3ec3dff000-7f3ec3ffe000 ---p 00005000 08:11 2623614                    /usr/lib/x86_64-linux-gnu/libXfixes.so.3.1.0
7f3ec3ffe000-7f3ec3fff000 r-xp 00004000 08:11 2623614                    /usr/lib/x86_64-linux-gnu/libXfixes.so.3.1.0
7f3ec3fff000-7f3ec4000000 rwxp 00005000 08:11 2623614                    /usr/lib/x86_64-linux-gnu/libXfixes.so.3.1.0
7f3ec4000000-7f3ec5565000 rwxp 00000000 00:00 0 
7f3ec5565000-7f3ec8000000 ---p 00000000 00:00 0 
7f3ec8000000-7f3ec8004000 r-xs 00000000 08:11 4596255                    /var/cache/fontconfig/7ef2298fde41cc6eeb7af42e48b7d293-le64.cache-3
7f3ec8004000-7f3ec8022000 r-xs 00000000 08:11 3019020                    /usr/share/texmf/fonts/type1/public/lm/lmr8.pfb
7f3ec8022000-7f3ec803f000 r-xs 00000000 08:11 3019046                    /usr/share/texmf/fonts/type1/public/lm/lmssq8.pfb
7f3ec803f000-7f3ec8061000 r-xs 00000000 08:11 3019040                    /usr/share/texmf/fonts/type1/public/lm/lmssdo10.pfb
7f3ec8061000-7f3ec8062000 r-xs 00000000 08:11 4594459                    /var/cache/fontconfig/c05880de57d1f5e948fdfacc138775d9-le64.cache-3
7f3ec8062000-7f3ec806b000 r-xs 00000000 08:11 4594458                    /var/cache/fontconfig/945677eb7aeaf62f1d50efc3fb3ec7d8-le64.cache-3
7f3ec806b000-7f3ec806d000 r-xs 00000000 08:11 4594513                    /var/cache/fontconfig/99e8ed0e538f840c565b6ed5dad60d56-le64.cache-3
7f3ec806d000-7f3ec8070000 r-xs 00000000 08:11 4594455                    /var/cache/fontconfig/e383d7ea5fbe662a33d9b44caf393297-le64.cache-3
7f3ec8070000-7f3ec8073000 r-xs 00000000 08:11 4596257                    /var/cache/fontconfig/b5ea634b0fb353b8ea17632d1f9ef766-le64.cache-3
7f3ec8073000-7f3ec807c000 r-xs 00000000 08:11 4594437                    /var/cache/fontconfig/6d41288fd70b0be22e8c3a91e032eec0-le64.cache-3
7f3ec807c000-7f3ec808c000 r-xs 00000000 08:11 4594446                    /var/cache/fontconfig/0f34bcd4b6ee430af32735b75db7f02b-le64.cache-3
7f3ec808f000-7f3ec80ac000 r-xs 00000000 08:11 3018991                    /usr/share/texmf/fonts/type1/public/lm/lmbx12.pfb
7f3ec80ac000-7f3ec80b4000 r-xs 00000000 08:11 3018988                    /usr/share/texmf/fonts/type1/public/lm/lmbsy5.pfb
7f3ec80b4000-7f3ec80bc000 r-xs 00000000 08:11 3019013                    /usr/share/texmf/fonts/type1/public/lm/lmmib7.pfb
7f3ec80bc000-7f3ec80c3000 r-xs 00000000 08:11 3019053                    /usr/share/texmf/fonts/type1/public/lm/lmsy7.pfb
7f3ec80c3000-7f3ec80e5000 r-xs 00000000 08:11 3019074                    /usr/share/texmf/fonts/type1/public/lm/lmvtlo10.pfb
7f3ec80e5000-7f3ec8100000 r-xs 00000000 08:11 3019044                    /usr/share/texmf/fonts/type1/public/lm/lmsso8.pfb
7f3ec8100000-7f3ec811f000 r-xs 00000000 08:11 3018985                    /usr/share/texmf/fonts/type1/public/lm/lmb10.pfb
7f3ec811f000-7f3ec8128000 r-xp 00000000 08:11 2630987                    /usr/lib/x86_64-linux-gnu/libXrender.so.1.3.0
7f3ec8128000-7f3ec8328000 ---p 00009000 08:11 2630987                    /usr/lib/x86_64-linux-gnu/libXrender.so.1.3.0
7f3ec8328000-7f3ec8329000 r-xp 00009000 08:11 2630987                    /usr/lib/x86_64-linux-gnu/libXrender.so.1.3.0
7f3ec8329000-7f3ec832a000 rwxp 0000a000 08:11 2630987                    /usr/lib/x86_64-linux-gnu/libXrender.so.1.3.0
7f3ec832a000-7f3ec8333000 r-xp 00000000 08:11 2623616                    /usr/lib/x86_64-linux-gnu/libXcursor.so.1.0.2
7f3ec8333000-7f3ec8532000 ---p 00009000 08:11 2623616                    /usr/lib/x86_64-linux-gnu/libXcursor.so.1.0.2
7f3ec8532000-7f3ec8533000 r-xp 00008000 08:11 2623616                    /usr/lib/x86_64-linux-gnu/libXcursor.so.1.0.2
7f3ec8533000-7f3ec8534000 rwxp 00009000 08:11 2623616                    /usr/lib/x86_64-linux-gnu/libXcursor.so.1.0.2
7f3ec8534000-7f3ec8537000 r-xs 00000000 08:11 4594445                    /var/cache/fontconfig/d60319d88cac85ba9e1a07bd06cfbb8c-le64.cache-3
7f3ec8537000-7f3ec853f000 r-xs 00000000 08:11 3018989                    /usr/share/texmf/fonts/type1/public/lm/lmbsy7.pfb
7f3ec853f000-7f3ec8546000 r-xs 00000000 08:11 3019051                    /usr/share/texmf/fonts/type1/public/lm/lmsy5.pfb
7f3ec8546000-7f3ec854e000 r-xs 00000000 08:11 3019005                    /usr/share/texmf/fonts/type1/public/lm/lmmi12.pfb
7f3ec855b000-7f3ec855e000 ---p 00000000 00:00 0 
7f3ec855e000-7f3ec865c000 rwxp 00000000 00:00 0 
7f3ec865c000-7f3ec86d5000 r-xp 00000000 08:11 3413043                    /usr/lib/jvm/java-6-sun-1.6.0.26/jre/lib/amd64/libfontmanager.so
7f3ec86d5000-7f3ec87d4000 ---p 00079000 08:11 3413043                    /usr/lib/jvm/java-6-sun-1.6.0.26/jre/lib/amd64/libfontmanager.so
7f3ec87d4000-7f3ec87e9000 rwxp 00078000 08:11 3413043                    /usr/lib/jvm/java-6-sun-1.6.0.26/jre/lib/amd64/libfontmanager.so
7f3ec87e9000-7f3ec87fa000 rwxp 00000000 00:00 0 
7f3ec87fa000-7f3ec87ff000 r-xp 00000000 08:11 2630973                    /usr/lib/x86_64-linux-gnu/libXdmcp.so.6.0.0
7f3ec87ff000-7f3ec89fe000 ---p 00005000 08:11 2630973                    /usr/lib/x86_64-linux-gnu/libXdmcp.so.6.0.0
7f3ec89fe000-7f3ec89ff000 r-xp 00004000 08:11 2630973                    /usr/lib/x86_64-linux-gnu/libXdmcp.so.6.0.0
7f3ec89ff000-7f3ec8a00000 rwxp 00005000 08:11 2630973                    /usr/lib/x86_64-linux-gnu/libXdmcp.so.6.0.0
7f3ec8a00000-7f3ec8a02000 r-xp 00000000 08:11 2630971                    /usr/lib/x86_64-linux-gnu/libXau.so.6.0.0
7f3ec8a02000-7f3ec8c01000 ---p 00002000 08:11 2630971                    /usr/lib/x86_64-linux-gnu/libXau.so.6.0.0
7f3ec8c01000-7f3ec8c02000 r-xp 00001000 08:11 2630971                    /usr/lib/x86_64-linux-gnu/libXau.so.6.0.0
7f3ec8c02000-7f3ec8c03000 rwxp 00002000 08:11 2630971                    /usr/lib/x86_64-linux-gnu/libXau.so.6.0.0
7f3ec8c03000-7f3ec8c1e000 r-xp 00000000 08:11 2630975                    /usr/lib/x86_64-linux-gnu/libxcb.so.1.1.0
7f3ec8c1e000-7f3ec8e1d000 ---p 0001b000 08:11 2630975                    /usr/lib/x86_64-linux-gnu/libxcb.so.1.1.0
7f3ec8e1d000-7f3ec8e1e000 r-xp 0001a000 08:11 2630975                    /usr/lib/x86_64-linux-gnu/libxcb.so.1.1.0
7f3ec8e1e000-7f3ec8e1f000 rwxp 0001b000 08:11 2630975                    /usr/lib/x86_64-linux-gnu/libxcb.so.1.1.0
7f3ec8e1f000-7f3ec8e2e000 r-xp 00000000 08:11 2623621                    /usr/lib/x86_64-linux-gnu/libXi.so.6.1.0
7f3ec8e2e000-7f3ec902d000 ---p 0000f000 08:11 2623621                    /usr/lib/x86_64-linux-gnu/libXi.so.6.1.0
7f3ec902d000-7f3ec902e000 r-xp 0000e000 08:11 2623621                    /usr/lib/x86_64-linux-gnu/libXi.so.6.1.0
7f3ec902e000-7f3ec902f000 rwxp 0000f000 08:11 2623621                    /usr/lib/x86_64-linux-gnu/libXi.so.6.1.0
7f3ec902f000-7f3ec9034000 r-xp 00000000 08:11 2624089                    /usr/lib/libXtst.so.6.1.0
7f3ec9034000-7f3ec9233000 ---p 00005000 08:11 2624089                    /usr/lib/libXtst.so.6.1.0
7f3ec9233000-7f3ec9234000 r-xp 00004000 08:11 2624089                    /usr/lib/libXtst.so.6.1.0
7f3ec9234000-7f3ec9235000 rwxp 00005000 08:11 2624089                    /usr/lib/libXtst.so.6.1.0
7f3ec9235000-7f3ec936a000 r-xp 00000000 08:11 2630979                    /usr/lib/x86_64-linux-gnu/libX11.so.6.3.0
7f3ec936a000-7f3ec956a000 ---p 00135000 08:11 2630979                    /usr/lib/x86_64-linux-gnu/libX11.so.6.3.0
7f3ec956a000-7f3ec956b000 r-xp 00135000 08:11 2630979                    /usr/lib/x86_64-linux-gnu/libX11.so.6.3.0
7f3ec956b000-7f3ec956f000 rwxp 00136000 08:11 2630979                    /usr/lib/x86_64-linux-gnu/libX11.so.6.3.0
7f3ec956f000-7f3ec9580000 r-xp 00000000 08:11 2630985                    /usr/lib/x86_64-linux-gnu/libXext.so.6.4.0
7f3ec9580000-7f3ec977f000 ---p 00011000 08:11 2630985                    /usr/lib/x86_64-linux-gnu/libXext.so.6.4.0
7f3ec977f000-7f3ec9780000 r-xp 00010000 08:11 2630985                    /usr/lib/x86_64-linux-gnu/libXext.so.6.4.0
7f3ec9780000-7f3ec9781000 rwxp 00011000 08:11 2630985                    /usr/lib/x86_64-linux-gnu/libXext.so.6.4.0
7f3ec9783000-7f3ec9787000 r-xs 00000000 08:11 4594452                    /var/cache/fontconfig/6eb3985aa4124903f6ff08ba781cd364-le64.cache-3
7f3ec9787000-7f3ec978a000 r-xs 00000000 08:11 4594445                    /var/cache/fontconfig/d60319d88cac85ba9e1a07bd06cfbb8c-le64.cache-3
7f3ec978a000-7f3ec978b000 r-xs 00000000 08:11 4587529                    /var/cache/fontconfig/4794a0821666d79190d59a36cb4f44b5-le64.cache-3
7f3ec978b000-7f3ec9795000 r-xs 00000000 08:11 4594456                    /var/cache/fontconfig/d52a8644073d54c13679302ca1180695-le64.cache-3
7f3ec9795000-7f3ec97a8000 r-xs 00000000 08:11 4587524                    /var/cache/fontconfig/e13b20fdb08344e0e664864cc2ede53d-le64.cache-3
7f3ec97a8000-7f3ec97ea000 r-xp 00000000 08:11 3413033                    /usr/lib/jvm/java-6-sun-1.6.0.26/jre/lib/amd64/xawt/libmawt.so
7f3ec97ea000-7f3ec98e9000 ---p 00042000 08:11 3413033                    /usr/lib/jvm/java-6-sun-1.6.0.26/jre/lib/amd64/xawt/libmawt.so
7f3ec98e9000-7f3ec98f5000 rwxp 00041000 08:11 3413033                    /usr/lib/jvm/java-6-sun-1.6.0.26/jre/lib/amd64/xawt/libmawt.so
7f3ec98f5000-7f3ec98f6000 rwxp 00000000 00:00 0 
7f3ec98f6000-7f3ec9988000 r-xp 00000000 08:11 3413056                    /usr/lib/jvm/java-6-sun-1.6.0.26/jre/lib/amd64/libawt.so
7f3ec9988000-7f3ec9a87000 ---p 00092000 08:11 3413056                    /usr/lib/jvm/java-6-sun-1.6.0.26/jre/lib/amd64/libawt.so
7f3ec9a87000-7f3ec9aa1000 rwxp 00091000 08:11 3413056                    /usr/lib/jvm/java-6-sun-1.6.0.26/jre/lib/amd64/libawt.so
7f3ec9aa1000-7f3ec9ac5000 rwxp 00000000 00:00 0 
7f3ec9ac5000-7f3ec9ac6000 ---p 00000000 00:00 0 
7f3ec9ac6000-7f3ec9bc6000 rwxp 00000000 00:00 0 
7f3ec9bc6000-7f3ec9bc9000 ---p 00000000 00:00 0 
7f3ec9bc9000-7f3ec9cc7000 rwxp 00000000 00:00 0 
7f3ec9cc7000-7f3ec9cca000 ---p 00000000 00:00 0 
7f3ec9cca000-7f3ec9dc8000 rwxp 00000000 00:00 0 
7f3ec9dc8000-7f3ec9dcb000 ---p 00000000 00:00 0 
7f3ec9dcb000-7f3ec9ec9000 rwxp 00000000 00:00 0 
7f3ec9ec9000-7f3ec9ecc000 ---p 00000000 00:00 0 
7f3ec9ecc000-7f3ec9fca000 rwxp 00000000 00:00 0 
7f3ec9fca000-7f3eca26e000 r-xp 00000000 08:11 2626800                    /usr/lib/locale/locale-archive
7f3eca26e000-7f3eca271000 ---p 00000000 00:00 0 
7f3eca271000-7f3eca36f000 rwxp 00000000 00:00 0 
7f3eca36f000-7f3eca372000 ---p 00000000 00:00 0 
7f3eca372000-7f3eca470000 rwxp 00000000 00:00 0 
7f3eca470000-7f3eca471000 ---p 00000000 00:00 0 
7f3eca471000-7f3eca8a8000 rwxp 00000000 00:00 0 
7f3eca8a8000-7f3ecaa40000 r-xs 03029000 08:11 3413097                    /usr/lib/jvm/java-6-sun-1.6.0.26/jre/lib/rt.jar
7f3ecaa40000-7f3ecaa68000 rwxp 00000000 00:00 0 
7f3ecaa68000-7f3ecaa69000 ---p 00000000 00:00 0 
7f3ecaa69000-7f3ecab69000 rwxp 00000000 00:00 0 
7f3ecab69000-7f3ecab6a000 ---p 00000000 00:00 0 
7f3ecab6a000-7f3ecac75000 rwxp 00000000 00:00 0 
7f3ecac75000-7f3ecac93000 rwxp 00000000 00:00 0 
7f3ecac93000-7f3ecaca8000 rwxp 00000000 00:00 0 
7f3ecaca8000-7f3ecaf3e000 rwxp 00000000 00:00 0 
7f3ecaf3e000-7f3ecaf49000 rwxp 00000000 00:00 0 
7f3ecaf49000-7f3ecaf67000 rwxp 00000000 00:00 0 
7f3ecaf67000-7f3ecaf7c000 rwxp 00000000 00:00 0 
7f3ecaf7c000-7f3ecb211000 rwxp 00000000 00:00 0 
7f3ecb211000-7f3ecb21c000 rwxp 00000000 00:00 0 
7f3ecb21c000-7f3ecb367000 rwxp 00000000 00:00 0 
7f3ecb367000-7f3ecb5d8000 rwxp 00000000 00:00 0 
7f3ecb5d8000-7f3ece368000 rwxp 00000000 00:00 0 
7f3ece368000-7f3ece376000 r-xp 00000000 08:11 3413050                    /usr/lib/jvm/java-6-sun-1.6.0.26/jre/lib/amd64/libzip.so
7f3ece376000-7f3ece478000 ---p 0000e000 08:11 3413050                    /usr/lib/jvm/java-6-sun-1.6.0.26/jre/lib/amd64/libzip.so
7f3ece478000-7f3ece47b000 rwxp 00010000 08:11 3413050                    /usr/lib/jvm/java-6-sun-1.6.0.26/jre/lib/amd64/libzip.so
7f3ece47b000-7f3ece47c000 rwxp 00000000 00:00 0 
7f3ece47c000-7f3ece488000 r-xp 00000000 08:11 8650784                    /lib/x86_64-linux-gnu/libnss_files-2.13.so
7f3ece488000-7f3ece687000 ---p 0000c000 08:11 8650784                    /lib/x86_64-linux-gnu/libnss_files-2.13.so
7f3ece687000-7f3ece688000 r-xp 0000b000 08:11 8650784                    /lib/x86_64-linux-gnu/libnss_files-2.13.so
7f3ece688000-7f3ece689000 rwxp 0000c000 08:11 8650784                    /lib/x86_64-linux-gnu/libnss_files-2.13.so
7f3ece689000-7f3ece694000 r-xp 00000000 08:11 8650786                    /lib/x86_64-linux-gnu/libnss_nis-2.13.so
7f3ece694000-7f3ece893000 ---p 0000b000 08:11 8650786                    /lib/x86_64-linux-gnu/libnss_nis-2.13.so
7f3ece893000-7f3ece894000 r-xp 0000a000 08:11 8650786                    /lib/x86_64-linux-gnu/libnss_nis-2.13.so
7f3ece894000-7f3ece895000 rwxp 0000b000 08:11 8650786                    /lib/x86_64-linux-gnu/libnss_nis-2.13.so
7f3ece895000-7f3ece89d000 r-xp 00000000 08:11 8650782                    /lib/x86_64-linux-gnu/libnss_compat-2.13.so
7f3ece89d000-7f3ecea9c000 ---p 00008000 08:11 8650782                    /lib/x86_64-linux-gnu/libnss_compat-2.13.so
7f3ecea9c000-7f3ecea9d000 r-xp 00007000 08:11 8650782                    /lib/x86_64-linux-gnu/libnss_compat-2.13.so
7f3ecea9d000-7f3ecea9e000 rwxp 00008000 08:11 8650782                    /lib/x86_64-linux-gnu/libnss_compat-2.13.so
7f3ecea9e000-7f3eceab5000 r-xp 00000000 08:11 8650781                    /lib/x86_64-linux-gnu/libnsl-2.13.so
7f3eceab5000-7f3ececb4000 ---p 00017000 08:11 8650781                    /lib/x86_64-linux-gnu/libnsl-2.13.so
7f3ececb4000-7f3ececb5000 r-xp 00016000 08:11 8650781                    /lib/x86_64-linux-gnu/libnsl-2.13.so
7f3ececb5000-7f3ececb6000 rwxp 00017000 08:11 8650781                    /lib/x86_64-linux-gnu/libnsl-2.13.so
7f3ececb6000-7f3ececb8000 rwxp 00000000 00:00 0 
7f3ececb8000-7f3ecece1000 r-xp 00000000 08:11 3413049                    /usr/lib/jvm/java-6-sun-1.6.0.26/jre/lib/amd64/libjava.so
7f3ecece1000-7f3ecede0000 ---p 00029000 08:11 3413049                    /usr/lib/jvm/java-6-sun-1.6.0.26/jre/lib/amd64/libjava.so
7f3ecede0000-7f3ecede7000 rwxp 00028000 08:11 3413049                    /usr/lib/jvm/java-6-sun-1.6.0.26/jre/lib/amd64/libjava.so
7f3ecede7000-7f3ecedf4000 r-xp 00000000 08:11 3413027                    /usr/lib/jvm/java-6-sun-1.6.0.26/jre/lib/amd64/libverify.so
7f3ecedf4000-7f3eceef3000 ---p 0000d000 08:11 3413027                    /usr/lib/jvm/java-6-sun-1.6.0.26/jre/lib/amd64/libverify.so
7f3eceef3000-7f3eceef6000 rwxp 0000c000 08:11 3413027                    /usr/lib/jvm/java-6-sun-1.6.0.26/jre/lib/amd64/libverify.so
7f3eceef6000-7f3eceefd000 r-xp 00000000 08:11 8650791                    /lib/x86_64-linux-gnu/librt-2.13.so
7f3eceefd000-7f3ecf0fc000 ---p 00007000 08:11 8650791                    /lib/x86_64-linux-gnu/librt-2.13.so
7f3ecf0fc000-7f3ecf0fd000 r-xp 00006000 08:11 8650791                    /lib/x86_64-linux-gnu/librt-2.13.so
7f3ecf0fd000-7f3ecf0fe000 rwxp 00007000 08:11 8650791                    /lib/x86_64-linux-gnu/librt-2.13.so
7f3ecf0fe000-7f3ecf101000 ---p 00000000 00:00 0 
7f3ecf101000-7f3ecf1ff000 rwxp 00000000 00:00 0 
7f3ecf1ff000-7f3ecf283000 r-xp 00000000 08:11 8650779                    /lib/x86_64-linux-gnu/libm-2.13.so
7f3ecf283000-7f3ecf482000 ---p 00084000 08:11 8650779                    /lib/x86_64-linux-gnu/libm-2.13.so
7f3ecf482000-7f3ecf483000 r-xp 00083000 08:11 8650779                    /lib/x86_64-linux-gnu/libm-2.13.so
7f3ecf483000-7f3ecf484000 rwxp 00084000 08:11 8650779                    /lib/x86_64-linux-gnu/libm-2.13.so
7f3ecf484000-7f3ecfd9e000 r-xp 00000000 08:11 3413053                    /usr/lib/jvm/java-6-sun-1.6.0.26/jre/lib/amd64/server/libjvm.so
7f3ecfd9e000-7f3ecfea0000 ---p 0091a000 08:11 3413053                    /usr/lib/jvm/java-6-sun-1.6.0.26/jre/lib/amd64/server/libjvm.so
7f3ecfea0000-7f3ed0055000 rwxp 0091c000 08:11 3413053                    /usr/lib/jvm/java-6-sun-1.6.0.26/jre/lib/amd64/server/libjvm.so
7f3ed0055000-7f3ed008f000 rwxp 00000000 00:00 0 
7f3ed008f000-7f3ed0219000 r-xp 00000000 08:11 8650771                    /lib/x86_64-linux-gnu/libc-2.13.so
7f3ed0219000-7f3ed0418000 ---p 0018a000 08:11 8650771                    /lib/x86_64-linux-gnu/libc-2.13.so
7f3ed0418000-7f3ed041c000 r-xp 00189000 08:11 8650771                    /lib/x86_64-linux-gnu/libc-2.13.so
7f3ed041c000-7f3ed041d000 rwxp 0018d000 08:11 8650771                    /lib/x86_64-linux-gnu/libc-2.13.so
7f3ed041d000-7f3ed0423000 rwxp 00000000 00:00 0 
7f3ed0423000-7f3ed0425000 r-xp 00000000 08:11 8650778                    /lib/x86_64-linux-gnu/libdl-2.13.so
7f3ed0425000-7f3ed0625000 ---p 00002000 08:11 8650778                    /lib/x86_64-linux-gnu/libdl-2.13.so
7f3ed0625000-7f3ed0626000 r-xp 00002000 08:11 8650778                    /lib/x86_64-linux-gnu/libdl-2.13.so
7f3ed0626000-7f3ed0627000 rwxp 00003000 08:11 8650778                    /lib/x86_64-linux-gnu/libdl-2.13.so
7f3ed0627000-7f3ed063f000 r-xp 00000000 08:11 8650789                    /lib/x86_64-linux-gnu/libpthread-2.13.so
7f3ed063f000-7f3ed083f000 ---p 00018000 08:11 8650789                    /lib/x86_64-linux-gnu/libpthread-2.13.so
7f3ed083f000-7f3ed0840000 r-xp 00018000 08:11 8650789                    /lib/x86_64-linux-gnu/libpthread-2.13.so
7f3ed0840000-7f3ed0841000 rwxp 00019000 08:11 8650789                    /lib/x86_64-linux-gnu/libpthread-2.13.so
7f3ed0841000-7f3ed0845000 rwxp 00000000 00:00 0 
7f3ed0845000-7f3ed0866000 r-xp 00000000 08:11 8650768                    /lib/x86_64-linux-gnu/ld-2.13.so
7f3ed0866000-7f3ed0868000 r-xs 00000000 08:11 4594454                    /var/cache/fontconfig/2cd17615ca594fa2959ae173292e504c-le64.cache-3
7f3ed0868000-7f3ed086e000 r-xs 00000000 08:11 4594448                    /var/cache/fontconfig/a755afe4a08bf5b97852ceb7400b47bc-le64.cache-3
7f3ed086e000-7f3ed0878000 rwxp 00000000 00:00 0 
7f3ed0878000-7f3ed092e000 rwxp 00000000 00:00 0 
7f3ed092e000-7f3ed0931000 rwxp 00000000 00:00 0 
7f3ed0931000-7f3ed0938000 r-xp 00000000 08:11 3413024                    /usr/lib/jvm/java-6-sun-1.6.0.26/jre/lib/amd64/jli/libjli.so
7f3ed0938000-7f3ed0a39000 ---p 00007000 08:11 3413024                    /usr/lib/jvm/java-6-sun-1.6.0.26/jre/lib/amd64/jli/libjli.so
7f3ed0a39000-7f3ed0a3b000 rwxp 00008000 08:11 3413024                    /usr/lib/jvm/java-6-sun-1.6.0.26/jre/lib/amd64/jli/libjli.so
7f3ed0a3b000-7f3ed0a3c000 rwxp 00000000 00:00 0 
7f3ed0a3c000-7f3ed0a3d000 r-xs 00000000 08:11 4587529                    /var/cache/fontconfig/4794a0821666d79190d59a36cb4f44b5-le64.cache-3
7f3ed0a3d000-7f3ed0a3e000 r-xs 00000000 08:11 4594453                    /var/cache/fontconfig/e7071f4a29fa870f4323321c154eba04-le64.cache-3
7f3ed0a3e000-7f3ed0a3f000 r-xs 00000000 08:11 4594451                    /var/cache/fontconfig/4c73fe0c47614734b17d736dbde7580a-le64.cache-3
7f3ed0a3f000-7f3ed0a40000 r-xs 00000000 08:11 4594450                    /var/cache/fontconfig/0d8c3b2ac0904cb8a57a757ad11a4a08-le64.cache-3
7f3ed0a40000-7f3ed0a41000 r-xs 00000000 08:11 4594449                    /var/cache/fontconfig/6a53c69dea097a2d716e069445527da8-le64.cache-3
7f3ed0a41000-7f3ed0a45000 r-xs 00000000 08:11 4596255                    /var/cache/fontconfig/7ef2298fde41cc6eeb7af42e48b7d293-le64.cache-3
7f3ed0a45000-7f3ed0a59000 r-xs 00000000 08:11 4596260                    /var/cache/fontconfig/865f88548240fee46819705c6468c165-le64.cache-3
7f3ed0a59000-7f3ed0a61000 rwxs 00000000 08:11 8388645                    /tmp/hsperfdata_knuhlig/5519
7f3ed0a61000-7f3ed0a62000 rwxp 00000000 00:00 0 
7f3ed0a62000-7f3ed0a63000 r-xp 00000000 00:00 0 
7f3ed0a63000-7f3ed0a65000 rwxp 00000000 00:00 0 
7f3ed0a65000-7f3ed0a66000 r-xp 00020000 08:11 8650768                    /lib/x86_64-linux-gnu/ld-2.13.so
7f3ed0a66000-7f3ed0a68000 rwxp 00021000 08:11 8650768                    /lib/x86_64-linux-gnu/ld-2.13.so
7fffd188f000-7fffd18b0000 rwxp 00000000 00:00 0                          [stack]
7fffd19c2000-7fffd19c3000 r-xp 00000000 00:00 0                          [vdso]
ffffffffff600000-ffffffffff601000 r-xp 00000000 00:00 0                  [vsyscall]

VM Arguments:
jvm_args: -Xmx2048m -Dfile.encoding=UTF-8 
java_command: apps.player.PlayerPanel
Launcher Type: SUN_STANDARD

Environment Variables:
PATH=/usr/local/sbin:/usr/local/bin:/usr/sbin:/usr/bin:/sbin:/bin:/usr/games
USERNAME=knuhlig
LD_LIBRARY_PATH=/usr/lib/jvm/java-6-sun-1.6.0.26/jre/lib/amd64/server:/usr/lib/jvm/java-6-sun-1.6.0.26/jre/lib/amd64:/usr/lib/jvm/java-6-sun-1.6.0.26/jre/../lib/amd64:/usr/lib/xulrunner-1.9.2.17
SHELL=/bin/bash
DISPLAY=:0.0

Signal Handlers:
SIGSEGV: [libjvm.so+0x85f800], sa_mask[0]=0x7ffbfeff, sa_flags=0x10000004
SIGBUS: [libjvm.so+0x85f800], sa_mask[0]=0x7ffbfeff, sa_flags=0x10000004
SIGFPE: [libjvm.so+0x70e300], sa_mask[0]=0x7ffbfeff, sa_flags=0x10000004
SIGPIPE: SIG_IGN, sa_mask[0]=0x00001000, sa_flags=0x10000000
SIGXFSZ: [libjvm.so+0x70e300], sa_mask[0]=0x7ffbfeff, sa_flags=0x10000004
SIGILL: [libjvm.so+0x70e300], sa_mask[0]=0x7ffbfeff, sa_flags=0x10000004
SIGUSR1: SIG_DFL, sa_mask[0]=0x00000000, sa_flags=0x00000000
SIGUSR2: [libjvm.so+0x711110], sa_mask[0]=0x00000004, sa_flags=0x10000004
SIGHUP: [libjvm.so+0x710d10], sa_mask[0]=0x7ffbfeff, sa_flags=0x10000004
SIGINT: [libjvm.so+0x710d10], sa_mask[0]=0x7ffbfeff, sa_flags=0x10000004
SIGTERM: [libjvm.so+0x710d10], sa_mask[0]=0x7ffbfeff, sa_flags=0x10000004
SIGQUIT: [libjvm.so+0x710d10], sa_mask[0]=0x7ffbfeff, sa_flags=0x10000004


---------------  S Y S T E M  ---------------

OS:squeeze/sid

uname:Linux 2.6.38-13-server #52-Ubuntu SMP Tue Nov 8 17:11:08 UTC 2011 x86_64
libc:glibc 2.13 NPTL 2.13 
rlimit: STACK 8192k, CORE 0k, NPROC infinity, NOFILE 4096, AS infinity
load average:0.02 0.42 0.55

/proc/meminfo:
MemTotal:        4055560 kB
MemFree:         2271256 kB
Buffers:          182096 kB
Cached:           534960 kB
SwapCached:         1516 kB
Active:           897632 kB
Inactive:         610312 kB
Active(anon):     578584 kB
Inactive(anon):   220200 kB
Active(file):     319048 kB
Inactive(file):   390112 kB
Unevictable:           0 kB
Mlocked:               0 kB
SwapTotal:       2093052 kB
SwapFree:        2090144 kB
Dirty:               112 kB
Writeback:             0 kB
AnonPages:        789744 kB
Mapped:           145004 kB
Shmem:              7884 kB
Slab:             114384 kB
SReclaimable:      95620 kB
SUnreclaim:        18764 kB
KernelStack:        2928 kB
PageTables:        24232 kB
NFS_Unstable:          0 kB
Bounce:                0 kB
WritebackTmp:          0 kB
CommitLimit:     4120832 kB
Committed_AS:    2426376 kB
VmallocTotal:   34359738367 kB
VmallocUsed:      147512 kB
VmallocChunk:   34359581692 kB
HardwareCorrupted:     0 kB
HugePages_Total:       0
HugePages_Free:        0
HugePages_Rsvd:        0
HugePages_Surp:        0
Hugepagesize:       2048 kB
DirectMap4k:       66432 kB
DirectMap2M:     4126720 kB


CPU:total 2 (2 cores per cpu, 1 threads per core) family 6 model 15 stepping 11, cmov, cx8, fxsr, mmx, sse, sse2, sse3, ssse3

/proc/cpuinfo:
processor	: 0
vendor_id	: GenuineIntel
cpu family	: 6
model		: 15
model name	: Intel(R) Core(TM)2 Duo CPU     E6750  @ 2.66GHz
stepping	: 11
cpu MHz		: 2667.000
cache size	: 4096 KB
physical id	: 0
siblings	: 2
core id		: 0
cpu cores	: 2
apicid		: 0
initial apicid	: 0
fpu		: yes
fpu_exception	: yes
cpuid level	: 10
wp		: yes
flags		: fpu vme de pse tsc msr pae mce cx8 apic sep mtrr pge mca cmov pat pse36 clflush dts acpi mmx fxsr sse sse2 ss ht tm pbe syscall nx lm constant_tsc arch_perfmon pebs bts rep_good nopl aperfmperf pni dtes64 monitor ds_cpl vmx smx est tm2 ssse3 cx16 xtpr pdcm lahf_lm dts tpr_shadow vnmi flexpriority
bogomips	: 5333.56
clflush size	: 64
cache_alignment	: 64
address sizes	: 36 bits physical, 48 bits virtual
power management:

processor	: 1
vendor_id	: GenuineIntel
cpu family	: 6
model		: 15
model name	: Intel(R) Core(TM)2 Duo CPU     E6750  @ 2.66GHz
stepping	: 11
cpu MHz		: 2667.000
cache size	: 4096 KB
physical id	: 0
siblings	: 2
core id		: 1
cpu cores	: 2
apicid		: 1
initial apicid	: 1
fpu		: yes
fpu_exception	: yes
cpuid level	: 10
wp		: yes
flags		: fpu vme de pse tsc msr pae mce cx8 apic sep mtrr pge mca cmov pat pse36 clflush dts acpi mmx fxsr sse sse2 ss ht tm pbe syscall nx lm constant_tsc arch_perfmon pebs bts rep_good nopl aperfmperf pni dtes64 monitor ds_cpl vmx smx est tm2 ssse3 cx16 xtpr pdcm lahf_lm dts tpr_shadow vnmi flexpriority
bogomips	: 5333.34
clflush size	: 64
cache_alignment	: 64
address sizes	: 36 bits physical, 48 bits virtual
power management:



Memory: 4k page, physical 4055560k(2271256k free), swap 2093052k(2090144k free)

vm_info: Java HotSpot(TM) 64-Bit Server VM (20.1-b02) for linux-amd64 JRE (1.6.0_26-b03), built on May  4 2011 01:13:47 by "java_re" with gcc 3.2.2 (SuSE Linux)

time: Tue Jun  5 19:44:50 2012
elapsed time: 133 seconds

